[INFO] 04:33:56 boardvision: Selected file: /mnt/c/Users/brndn/Desktop/boardvision_repo/sample/test_video.mp4
[INFO] 04:33:59 boardvision: Starting stream from source: /mnt/c/Users/brndn/Desktop/boardvision_repo/sample/test_video.mp4
[INFO] 04:33:59 boardvision: YOLOv7 worker started
[INFO] 04:33:59 boardvision: Faster R-CNN worker started
[INFO] 04:33:59 boardvision: Voter worker started
[ERROR] 04:34:06 boardvision: Faster R-CNN backend import failed (path=fasterrcnn.frame_inference)
Traceback (most recent call last):
  File "/mnt/c/Users/brndn/Desktop/boardvision_repo/app.py", line 137, in ensure_loaded
    self.fn = getattr(mod, self.attr)
              ^^^^^^^^^^^^^^^^^^^^^^^
AttributeError: module 'fasterrcnn.frame_inference' has no attribute 'frame_inference'
[INFO] 04:34:06 boardvision: Faster R-CNN: #00001  (no detections / no det list)
[ERROR] 04:34:06 boardvision: Faster R-CNN backend import failed (path=fasterrcnn.frame_inference)
Traceback (most recent call last):
  File "/mnt/c/Users/brndn/Desktop/boardvision_repo/app.py", line 137, in ensure_loaded
    self.fn = getattr(mod, self.attr)
              ^^^^^^^^^^^^^^^^^^^^^^^
AttributeError: module 'fasterrcnn.frame_inference' has no attribute 'frame_inference'
[INFO] 04:34:06 boardvision: Faster R-CNN: #00365  (no detections / no det list)
[ERROR] 04:34:06 boardvision: Faster R-CNN backend import failed (path=fasterrcnn.frame_inference)
Traceback (most recent call last):
  File "/mnt/c/Users/brndn/Desktop/boardvision_repo/app.py", line 137, in ensure_loaded
    self.fn = getattr(mod, self.attr)
              ^^^^^^^^^^^^^^^^^^^^^^^
AttributeError: module 'fasterrcnn.frame_inference' has no attribute 'frame_inference'
[INFO] 04:34:06 boardvision: Faster R-CNN: #00366  (no detections / no det list)
[ERROR] 04:34:06 boardvision: Faster R-CNN backend import failed (path=fasterrcnn.frame_inference)
Traceback (most recent call last):
  File "/mnt/c/Users/brndn/Desktop/boardvision_repo/app.py", line 137, in ensure_loaded
    self.fn = getattr(mod, self.attr)
              ^^^^^^^^^^^^^^^^^^^^^^^
AttributeError: module 'fasterrcnn.frame_inference' has no attribute 'frame_inference'
[INFO] 04:34:06 boardvision: Faster R-CNN: #00367  (no detections / no det list)
[ERROR] 04:34:06 boardvision: Faster R-CNN backend import failed (path=fasterrcnn.frame_inference)
Traceback (most recent call last):
  File "/mnt/c/Users/brndn/Desktop/boardvision_repo/app.py", line 137, in ensure_loaded
    self.fn = getattr(mod, self.attr)
              ^^^^^^^^^^^^^^^^^^^^^^^
AttributeError: module 'fasterrcnn.frame_inference' has no attribute 'frame_inference'
[INFO] 04:34:06 boardvision: Faster R-CNN: #00368  (no detections / no det list)
[ERROR] 04:34:06 boardvision: YOLOv7 backend import failed (path=yolov7.frame_inference)
Traceback (most recent call last):
  File "/mnt/c/Users/brndn/Desktop/boardvision_repo/app.py", line 137, in ensure_loaded
    self.fn = getattr(mod, self.attr)
              ^^^^^^^^^^^^^^^^^^^^^^^
AttributeError: module 'yolov7.frame_inference' has no attribute 'frame_inference'
[INFO] 04:34:06 boardvision: YOLOv7: #00001  (no detections / no det list)
[ERROR] 04:34:06 boardvision: YOLOv7 backend import failed (path=yolov7.frame_inference)
Traceback (most recent call last):
  File "/mnt/c/Users/brndn/Desktop/boardvision_repo/app.py", line 137, in ensure_loaded
    self.fn = getattr(mod, self.attr)
              ^^^^^^^^^^^^^^^^^^^^^^^
AttributeError: module 'yolov7.frame_inference' has no attribute 'frame_inference'
[INFO] 04:34:06 boardvision: VOTER: #00001  (voter: no fused detections)
[INFO] 04:34:06 boardvision: YOLOv7: #00365  (no detections / no det list)
[ERROR] 04:34:06 boardvision: YOLOv7 backend import failed (path=yolov7.frame_inference)
Traceback (most recent call last):
  File "/mnt/c/Users/brndn/Desktop/boardvision_repo/app.py", line 137, in ensure_loaded
    self.fn = getattr(mod, self.attr)
              ^^^^^^^^^^^^^^^^^^^^^^^
AttributeError: module 'yolov7.frame_inference' has no attribute 'frame_inference'
[INFO] 04:34:06 boardvision: YOLOv7: #00366  (no detections / no det list)
[ERROR] 04:34:06 boardvision: YOLOv7 backend import failed (path=yolov7.frame_inference)
Traceback (most recent call last):
  File "/mnt/c/Users/brndn/Desktop/boardvision_repo/app.py", line 137, in ensure_loaded
    self.fn = getattr(mod, self.attr)
              ^^^^^^^^^^^^^^^^^^^^^^^
AttributeError: module 'yolov7.frame_inference' has no attribute 'frame_inference'
[INFO] 04:34:06 boardvision: VOTER: #00365  (voter: no fused detections)
[INFO] 04:34:06 boardvision: YOLOv7: #00367  (no detections / no det list)
[ERROR] 04:34:06 boardvision: YOLOv7 backend import failed (path=yolov7.frame_inference)
Traceback (most recent call last):
  File "/mnt/c/Users/brndn/Desktop/boardvision_repo/app.py", line 137, in ensure_loaded
    self.fn = getattr(mod, self.attr)
              ^^^^^^^^^^^^^^^^^^^^^^^
AttributeError: module 'yolov7.frame_inference' has no attribute 'frame_inference'
[INFO] 04:34:06 boardvision: VOTER: #00367  (voter: no fused detections)
[INFO] 04:34:06 boardvision: YOLOv7: #00368  (no detections / no det list)
[INFO] 04:34:06 boardvision: VOTER: #00368  (voter: no fused detections)
[INFO] 04:34:39 boardvision: Stopping stream…
[INFO] 04:34:39 boardvision: Voter worker stopped
[INFO] 04:34:39 boardvision: Capture stopped
[INFO] 04:34:39 boardvision: YOLOv7 worker stopped
[INFO] 04:34:39 boardvision: Faster R-CNN worker stopped
[INFO] 04:34:39 boardvision: Stopped.
[INFO] 04:36:21 boardvision: Selected file: /mnt/c/Users/brndn/Desktop/boardvision_repo/sample/test_video.mp4
[INFO] 04:36:22 boardvision: Starting stream from source: /mnt/c/Users/brndn/Desktop/boardvision_repo/sample/test_video.mp4
[INFO] 04:36:22 boardvision: YOLOv7 worker started
[INFO] 04:36:22 boardvision: Faster R-CNN worker started
[INFO] 04:36:22 boardvision: Voter worker started
[ERROR] 04:36:31 boardvision: YOLOv7 backend import failed; tried: [('yolov7.frame_inference', 'frame_inference'), ('yolov7.frame_inference', 'frame_inference'), ('yolov7.frame_inference', 'infer'), ('yolov7.inference', 'frame_inference'), ('yolov7.inference', 'infer')]
[INFO] 04:36:31 boardvision: YOLOv7: #00001  (no detections / no det list)
[ERROR] 04:36:31 boardvision: YOLOv7 backend import failed; tried: [('yolov7.frame_inference', 'frame_inference'), ('yolov7.frame_inference', 'frame_inference'), ('yolov7.frame_inference', 'infer'), ('yolov7.inference', 'frame_inference'), ('yolov7.inference', 'infer')]
[INFO] 04:36:31 boardvision: YOLOv7: #00365  (no detections / no det list)
[ERROR] 04:36:31 boardvision: YOLOv7 backend import failed; tried: [('yolov7.frame_inference', 'frame_inference'), ('yolov7.frame_inference', 'frame_inference'), ('yolov7.frame_inference', 'infer'), ('yolov7.inference', 'frame_inference'), ('yolov7.inference', 'infer')]
[INFO] 04:36:31 boardvision: YOLOv7: #00366  (no detections / no det list)
[ERROR] 04:36:31 boardvision: YOLOv7 backend import failed; tried: [('yolov7.frame_inference', 'frame_inference'), ('yolov7.frame_inference', 'frame_inference'), ('yolov7.frame_inference', 'infer'), ('yolov7.inference', 'frame_inference'), ('yolov7.inference', 'infer')]
[INFO] 04:36:31 boardvision: YOLOv7: #00367  (no detections / no det list)
[ERROR] 04:36:31 boardvision: YOLOv7 backend import failed; tried: [('yolov7.frame_inference', 'frame_inference'), ('yolov7.frame_inference', 'frame_inference'), ('yolov7.frame_inference', 'infer'), ('yolov7.inference', 'frame_inference'), ('yolov7.inference', 'infer')]
[INFO] 04:36:31 boardvision: YOLOv7: #00368  (no detections / no det list)
[ERROR] 04:36:32 boardvision: Faster R-CNN backend import failed; tried: [('fasterrcnn.frame_inference', 'frame_inference'), ('fasterrcnn.frame_inference', 'frame_inference'), ('fasterrcnn.frame_inference', 'infer'), ('fasterrcnn.inference', 'frame_inference'), ('fasterrcnn.inference', 'infer')]
[INFO] 04:36:32 boardvision: Faster R-CNN: #00001  (no detections / no det list)
[ERROR] 04:36:32 boardvision: Faster R-CNN backend import failed; tried: [('fasterrcnn.frame_inference', 'frame_inference'), ('fasterrcnn.frame_inference', 'frame_inference'), ('fasterrcnn.frame_inference', 'infer'), ('fasterrcnn.inference', 'frame_inference'), ('fasterrcnn.inference', 'infer')]
[INFO] 04:36:32 boardvision: Faster R-CNN: #00365  (no detections / no det list)
[ERROR] 04:36:32 boardvision: Faster R-CNN backend import failed; tried: [('fasterrcnn.frame_inference', 'frame_inference'), ('fasterrcnn.frame_inference', 'frame_inference'), ('fasterrcnn.frame_inference', 'infer'), ('fasterrcnn.inference', 'frame_inference'), ('fasterrcnn.inference', 'infer')]
[INFO] 04:36:32 boardvision: VOTER: #00001  (voter: no fused detections)
[INFO] 04:36:32 boardvision: Faster R-CNN: #00366  (no detections / no det list)
[ERROR] 04:36:32 boardvision: Faster R-CNN backend import failed; tried: [('fasterrcnn.frame_inference', 'frame_inference'), ('fasterrcnn.frame_inference', 'frame_inference'), ('fasterrcnn.frame_inference', 'infer'), ('fasterrcnn.inference', 'frame_inference'), ('fasterrcnn.inference', 'infer')]
[INFO] 04:36:32 boardvision: Faster R-CNN: #00367  (no detections / no det list)
[ERROR] 04:36:32 boardvision: Faster R-CNN backend import failed; tried: [('fasterrcnn.frame_inference', 'frame_inference'), ('fasterrcnn.frame_inference', 'frame_inference'), ('fasterrcnn.frame_inference', 'infer'), ('fasterrcnn.inference', 'frame_inference'), ('fasterrcnn.inference', 'infer')]
[INFO] 04:36:32 boardvision: Faster R-CNN: #00368  (no detections / no det list)
[INFO] 04:36:32 boardvision: VOTER: #00367  (voter: no fused detections)
[INFO] 04:36:32 boardvision: VOTER: #00368  (voter: no fused detections)
[INFO] 04:42:23 boardvision: Stopping stream…
[INFO] 04:42:23 boardvision: Voter worker stopped
[INFO] 04:42:23 boardvision: Capture stopped
[INFO] 04:42:23 boardvision: YOLOv7 worker stopped
[INFO] 04:42:23 boardvision: Faster R-CNN worker stopped
[INFO] 04:42:23 boardvision: Stopped.
[INFO] 04:42:46 boardvision: Selected file: /mnt/c/Users/brndn/Desktop/boardvision_repo/sample/test_video.mp4
[INFO] 04:42:48 boardvision: Starting stream from source: /mnt/c/Users/brndn/Desktop/boardvision_repo/sample/test_video.mp4
[INFO] 04:42:48 boardvision: YOLOv7 worker started
[INFO] 04:42:48 boardvision: Faster R-CNN worker started
[INFO] 04:42:48 boardvision: Voter worker started
[INFO] 04:42:51 boardvision: Loaded Faster R-CNN model with args: {'device': 'cuda', 'weights_path': '/mnt/c/Users/brndn/Desktop/boardvision_repo/weights/fasterrcnn.pth'}
[ERROR] 04:42:51 boardvision: Faster R-CNN detect failed
Traceback (most recent call last):
  File "/mnt/c/Users/brndn/Desktop/boardvision_repo/app.py", line 217, in infer
    out = self.detect_fn(self.model, frame)
          ^^^^^^^^^^^^^^^^^^^^^^^^^^^^^^^^^
TypeError: run_fasterrcnn_on_frame() missing 1 required positional argument: 'CLASSES'
[INFO] 04:42:51 boardvision: Faster R-CNN: #00001  (no detections / no det list)
[ERROR] 04:42:51 boardvision: Faster R-CNN detect failed
Traceback (most recent call last):
  File "/mnt/c/Users/brndn/Desktop/boardvision_repo/app.py", line 217, in infer
    out = self.detect_fn(self.model, frame)
          ^^^^^^^^^^^^^^^^^^^^^^^^^^^^^^^^^
TypeError: run_fasterrcnn_on_frame() missing 1 required positional argument: 'CLASSES'
[INFO] 04:42:51 boardvision: Faster R-CNN: #00365  (no detections / no det list)
[ERROR] 04:42:51 boardvision: Faster R-CNN detect failed
Traceback (most recent call last):
  File "/mnt/c/Users/brndn/Desktop/boardvision_repo/app.py", line 217, in infer
    out = self.detect_fn(self.model, frame)
          ^^^^^^^^^^^^^^^^^^^^^^^^^^^^^^^^^
TypeError: run_fasterrcnn_on_frame() missing 1 required positional argument: 'CLASSES'
[INFO] 04:42:51 boardvision: Faster R-CNN: #00366  (no detections / no det list)
[ERROR] 04:42:51 boardvision: Faster R-CNN detect failed
Traceback (most recent call last):
  File "/mnt/c/Users/brndn/Desktop/boardvision_repo/app.py", line 217, in infer
    out = self.detect_fn(self.model, frame)
          ^^^^^^^^^^^^^^^^^^^^^^^^^^^^^^^^^
TypeError: run_fasterrcnn_on_frame() missing 1 required positional argument: 'CLASSES'
[INFO] 04:42:51 boardvision: Faster R-CNN: #00367  (no detections / no det list)
[ERROR] 04:42:51 boardvision: Faster R-CNN detect failed
Traceback (most recent call last):
  File "/mnt/c/Users/brndn/Desktop/boardvision_repo/app.py", line 217, in infer
    out = self.detect_fn(self.model, frame)
          ^^^^^^^^^^^^^^^^^^^^^^^^^^^^^^^^^
TypeError: run_fasterrcnn_on_frame() missing 1 required positional argument: 'CLASSES'
[INFO] 04:42:51 boardvision: Faster R-CNN: #00368  (no detections / no det list)
[INFO] 04:44:06 boardvision: Stopping stream…
[INFO] 04:44:06 boardvision: Voter worker stopped
[INFO] 04:44:06 boardvision: Capture stopped
[INFO] 04:44:06 boardvision: Faster R-CNN worker stopped
[INFO] 04:44:06 boardvision: Stopped.
[INFO] 04:48:06 boardvision: Selected file: /mnt/c/Users/brndn/Desktop/boardvision_repo/sample/test_video.mp4
[INFO] 04:48:07 boardvision: Starting stream from source: /mnt/c/Users/brndn/Desktop/boardvision_repo/sample/test_video.mp4
[INFO] 04:48:07 boardvision: YOLOv7 worker started
[INFO] 04:48:07 boardvision: Faster R-CNN worker started
[INFO] 04:48:07 boardvision: Voter worker started
[INFO] 04:48:11 boardvision: Loaded Faster R-CNN model with args: {'device': 'cuda', 'weights_path': '/mnt/c/Users/brndn/Desktop/boardvision_repo/weights/fasterrcnn.pth'}
[ERROR] 04:48:11 boardvision: Faster R-CNN detect failed
Traceback (most recent call last):
  File "/mnt/c/Users/brndn/Desktop/boardvision_repo/app.py", line 232, in infer
    out = self.detect_fn(self.model, frame, **detect_kwargs)
          ^^^^^^^^^^^^^^^^^^^^^^^^^^^^^^^^^^^^^^^^^^^^^^^^^^
TypeError: run_fasterrcnn_on_frame() missing 1 required positional argument: 'CLASSES'
[INFO] 04:48:11 boardvision: Faster R-CNN: #00001  (no detections / no det list)
[ERROR] 04:48:11 boardvision: Faster R-CNN detect failed
Traceback (most recent call last):
  File "/mnt/c/Users/brndn/Desktop/boardvision_repo/app.py", line 232, in infer
    out = self.detect_fn(self.model, frame, **detect_kwargs)
          ^^^^^^^^^^^^^^^^^^^^^^^^^^^^^^^^^^^^^^^^^^^^^^^^^^
TypeError: run_fasterrcnn_on_frame() missing 1 required positional argument: 'CLASSES'
[INFO] 04:48:11 boardvision: Faster R-CNN: #00365  (no detections / no det list)
[ERROR] 04:48:11 boardvision: Faster R-CNN detect failed
Traceback (most recent call last):
  File "/mnt/c/Users/brndn/Desktop/boardvision_repo/app.py", line 232, in infer
    out = self.detect_fn(self.model, frame, **detect_kwargs)
          ^^^^^^^^^^^^^^^^^^^^^^^^^^^^^^^^^^^^^^^^^^^^^^^^^^
TypeError: run_fasterrcnn_on_frame() missing 1 required positional argument: 'CLASSES'
[INFO] 04:48:11 boardvision: Faster R-CNN: #00366  (no detections / no det list)
[ERROR] 04:48:11 boardvision: Faster R-CNN detect failed
Traceback (most recent call last):
  File "/mnt/c/Users/brndn/Desktop/boardvision_repo/app.py", line 232, in infer
    out = self.detect_fn(self.model, frame, **detect_kwargs)
          ^^^^^^^^^^^^^^^^^^^^^^^^^^^^^^^^^^^^^^^^^^^^^^^^^^
TypeError: run_fasterrcnn_on_frame() missing 1 required positional argument: 'CLASSES'
[INFO] 04:48:11 boardvision: Faster R-CNN: #00367  (no detections / no det list)
[ERROR] 04:48:11 boardvision: Faster R-CNN detect failed
Traceback (most recent call last):
  File "/mnt/c/Users/brndn/Desktop/boardvision_repo/app.py", line 232, in infer
    out = self.detect_fn(self.model, frame, **detect_kwargs)
          ^^^^^^^^^^^^^^^^^^^^^^^^^^^^^^^^^^^^^^^^^^^^^^^^^^
TypeError: run_fasterrcnn_on_frame() missing 1 required positional argument: 'CLASSES'
[INFO] 04:48:11 boardvision: Faster R-CNN: #00368  (no detections / no det list)
[INFO] 04:48:15 boardvision: Loaded YOLOv7 model with args: {'device': 'cuda', 'weights': '/mnt/c/Users/brndn/Desktop/boardvision_repo/weights/yolov7.pt'}
[ERROR] 04:48:15 boardvision: YOLOv7 detect failed
Traceback (most recent call last):
  File "/mnt/c/Users/brndn/Desktop/boardvision_repo/app.py", line 232, in infer
    out = self.detect_fn(self.model, frame, **detect_kwargs)
          ^^^^^^^^^^^^^^^^^^^^^^^^^^^^^^^^^^^^^^^^^^^^^^^^^^
  File "/mnt/c/Users/brndn/Desktop/boardvision_repo/yolov7/frame_inference.py", line 22, in detect_frame
    names = model.module.names if hasattr(model, 'module') else model.names
                                                                ^^^^^^^^^^^
AttributeError: 'numpy.ndarray' object has no attribute 'names'
[INFO] 04:48:15 boardvision: YOLOv7: #00001  (no detections / no det list)
[ERROR] 04:48:15 boardvision: YOLOv7 detect failed
Traceback (most recent call last):
  File "/mnt/c/Users/brndn/Desktop/boardvision_repo/app.py", line 232, in infer
    out = self.detect_fn(self.model, frame, **detect_kwargs)
          ^^^^^^^^^^^^^^^^^^^^^^^^^^^^^^^^^^^^^^^^^^^^^^^^^^
  File "/mnt/c/Users/brndn/Desktop/boardvision_repo/yolov7/frame_inference.py", line 22, in detect_frame
    names = model.module.names if hasattr(model, 'module') else model.names
                                                                ^^^^^^^^^^^
AttributeError: 'numpy.ndarray' object has no attribute 'names'
[ERROR] 04:48:15 boardvision: voter_merge failed; falling back to simple voter
Traceback (most recent call last):
  File "/mnt/c/Users/brndn/Desktop/boardvision_repo/app.py", line 260, in run_voter_native
    return voter_merge(raw_a, raw_b, _voter_cfg)
           ^^^^^^^^^^^^^^^^^^^^^^^^^^^^^^^^^^^^^
  File "/mnt/c/Users/brndn/Desktop/boardvision_repo/voter.py", line 51, in voter_merge
    yolo_used = [False] * len(yolo_results)
                          ^^^^^^^^^^^^^^^^^
TypeError: object of type 'NoneType' has no len()
[INFO] 04:48:15 boardvision: YOLOv7: #00365  (no detections / no det list)
[ERROR] 04:48:15 boardvision: YOLOv7 detect failed
Traceback (most recent call last):
  File "/mnt/c/Users/brndn/Desktop/boardvision_repo/app.py", line 232, in infer
    out = self.detect_fn(self.model, frame, **detect_kwargs)
          ^^^^^^^^^^^^^^^^^^^^^^^^^^^^^^^^^^^^^^^^^^^^^^^^^^
  File "/mnt/c/Users/brndn/Desktop/boardvision_repo/yolov7/frame_inference.py", line 22, in detect_frame
    names = model.module.names if hasattr(model, 'module') else model.names
                                                                ^^^^^^^^^^^
AttributeError: 'numpy.ndarray' object has no attribute 'names'
[INFO] 04:48:15 boardvision: YOLOv7: #00366  (no detections / no det list)
[ERROR] 04:48:15 boardvision: YOLOv7 detect failed
Traceback (most recent call last):
  File "/mnt/c/Users/brndn/Desktop/boardvision_repo/app.py", line 232, in infer
    out = self.detect_fn(self.model, frame, **detect_kwargs)
          ^^^^^^^^^^^^^^^^^^^^^^^^^^^^^^^^^^^^^^^^^^^^^^^^^^
  File "/mnt/c/Users/brndn/Desktop/boardvision_repo/yolov7/frame_inference.py", line 22, in detect_frame
    names = model.module.names if hasattr(model, 'module') else model.names
                                                                ^^^^^^^^^^^
AttributeError: 'numpy.ndarray' object has no attribute 'names'
[INFO] 04:48:15 boardvision: YOLOv7: #00367  (no detections / no det list)
[ERROR] 04:48:15 boardvision: YOLOv7 detect failed
Traceback (most recent call last):
  File "/mnt/c/Users/brndn/Desktop/boardvision_repo/app.py", line 232, in infer
    out = self.detect_fn(self.model, frame, **detect_kwargs)
          ^^^^^^^^^^^^^^^^^^^^^^^^^^^^^^^^^^^^^^^^^^^^^^^^^^
  File "/mnt/c/Users/brndn/Desktop/boardvision_repo/yolov7/frame_inference.py", line 22, in detect_frame
    names = model.module.names if hasattr(model, 'module') else model.names
                                                                ^^^^^^^^^^^
AttributeError: 'numpy.ndarray' object has no attribute 'names'
[INFO] 04:48:15 boardvision: YOLOv7: #00368  (no detections / no det list)
[INFO] 04:50:54 boardvision: Stopping stream…
[INFO] 04:50:54 boardvision: Faster R-CNN worker stopped
[INFO] 04:50:54 boardvision: YOLOv7 worker stopped
[INFO] 04:50:54 boardvision: Capture stopped
[INFO] 04:50:54 boardvision: Stopped.
[INFO] 04:51:00 boardvision: Loaded F1 config for voter
[INFO] 04:51:00 boardvision: Derived 11 class names from voter F1 config
[INFO] 04:51:07 boardvision: Selected file: /mnt/c/Users/brndn/Desktop/boardvision_repo/sample/test_video.mp4
[INFO] 04:51:08 boardvision: Starting stream from source: /mnt/c/Users/brndn/Desktop/boardvision_repo/sample/test_video.mp4
[INFO] 04:51:08 boardvision: YOLOv7 worker started
[INFO] 04:51:08 boardvision: Faster R-CNN worker started
[INFO] 04:51:08 boardvision: Voter worker started
[INFO] 04:51:12 boardvision: Loaded Faster R-CNN model with args: {'device': 'cuda', 'weights_path': '/mnt/c/Users/brndn/Desktop/boardvision_repo/weights/fasterrcnn.pth'}
[ERROR] 04:51:12 boardvision: Faster R-CNN detect failed
Traceback (most recent call last):
  File "/mnt/c/Users/brndn/Desktop/boardvision_repo/app.py", line 232, in infer
    out = self.detect_fn(self.model, frame, **detect_kwargs)
          ^^^^^^^^^^^^^^^^^^^^^^^^^^^^^^^^^^^^^^^^^^^^^^^^^^
  File "/mnt/c/Users/brndn/Desktop/boardvision_repo/fasterrcnn/frame_inference.py", line 19, in run_fasterrcnn_on_frame
    orig_frame = frame.copy()
                 ^^^^^^^^^^
AttributeError: 'tuple' object has no attribute 'copy'
[INFO] 04:51:12 boardvision: Faster R-CNN: #00001  (no detections / no det list)
[ERROR] 04:51:12 boardvision: Faster R-CNN detect failed
Traceback (most recent call last):
  File "/mnt/c/Users/brndn/Desktop/boardvision_repo/app.py", line 232, in infer
    out = self.detect_fn(self.model, frame, **detect_kwargs)
          ^^^^^^^^^^^^^^^^^^^^^^^^^^^^^^^^^^^^^^^^^^^^^^^^^^
  File "/mnt/c/Users/brndn/Desktop/boardvision_repo/fasterrcnn/frame_inference.py", line 19, in run_fasterrcnn_on_frame
    orig_frame = frame.copy()
                 ^^^^^^^^^^
AttributeError: 'tuple' object has no attribute 'copy'
[INFO] 04:51:12 boardvision: Faster R-CNN: #00365  (no detections / no det list)
[ERROR] 04:51:12 boardvision: Faster R-CNN detect failed
Traceback (most recent call last):
  File "/mnt/c/Users/brndn/Desktop/boardvision_repo/app.py", line 232, in infer
    out = self.detect_fn(self.model, frame, **detect_kwargs)
          ^^^^^^^^^^^^^^^^^^^^^^^^^^^^^^^^^^^^^^^^^^^^^^^^^^
  File "/mnt/c/Users/brndn/Desktop/boardvision_repo/fasterrcnn/frame_inference.py", line 19, in run_fasterrcnn_on_frame
    orig_frame = frame.copy()
                 ^^^^^^^^^^
AttributeError: 'tuple' object has no attribute 'copy'
[INFO] 04:51:12 boardvision: Faster R-CNN: #00366  (no detections / no det list)
[ERROR] 04:51:12 boardvision: Faster R-CNN detect failed
Traceback (most recent call last):
  File "/mnt/c/Users/brndn/Desktop/boardvision_repo/app.py", line 232, in infer
    out = self.detect_fn(self.model, frame, **detect_kwargs)
          ^^^^^^^^^^^^^^^^^^^^^^^^^^^^^^^^^^^^^^^^^^^^^^^^^^
  File "/mnt/c/Users/brndn/Desktop/boardvision_repo/fasterrcnn/frame_inference.py", line 19, in run_fasterrcnn_on_frame
    orig_frame = frame.copy()
                 ^^^^^^^^^^
AttributeError: 'tuple' object has no attribute 'copy'
[INFO] 04:51:12 boardvision: Faster R-CNN: #00367  (no detections / no det list)
[ERROR] 04:51:12 boardvision: Faster R-CNN detect failed
Traceback (most recent call last):
  File "/mnt/c/Users/brndn/Desktop/boardvision_repo/app.py", line 232, in infer
    out = self.detect_fn(self.model, frame, **detect_kwargs)
          ^^^^^^^^^^^^^^^^^^^^^^^^^^^^^^^^^^^^^^^^^^^^^^^^^^
  File "/mnt/c/Users/brndn/Desktop/boardvision_repo/fasterrcnn/frame_inference.py", line 19, in run_fasterrcnn_on_frame
    orig_frame = frame.copy()
                 ^^^^^^^^^^
AttributeError: 'tuple' object has no attribute 'copy'
[INFO] 04:51:12 boardvision: Faster R-CNN: #00368  (no detections / no det list)
[INFO] 04:51:16 boardvision: Loaded YOLOv7 model with args: {'device': 'cuda', 'weights': '/mnt/c/Users/brndn/Desktop/boardvision_repo/weights/yolov7.pt'}
[ERROR] 04:51:16 boardvision: YOLOv7 detect failed
Traceback (most recent call last):
  File "/mnt/c/Users/brndn/Desktop/boardvision_repo/app.py", line 232, in infer
    out = self.detect_fn(self.model, frame, **detect_kwargs)
          ^^^^^^^^^^^^^^^^^^^^^^^^^^^^^^^^^^^^^^^^^^^^^^^^^^
  File "/mnt/c/Users/brndn/Desktop/boardvision_repo/yolov7/frame_inference.py", line 22, in detect_frame
    names = model.module.names if hasattr(model, 'module') else model.names
                                                                ^^^^^^^^^^^
AttributeError: 'numpy.ndarray' object has no attribute 'names'
[INFO] 04:51:16 boardvision: YOLOv7: #00001  (no detections / no det list)
[ERROR] 04:51:16 boardvision: YOLOv7 detect failed
Traceback (most recent call last):
  File "/mnt/c/Users/brndn/Desktop/boardvision_repo/app.py", line 232, in infer
    out = self.detect_fn(self.model, frame, **detect_kwargs)
          ^^^^^^^^^^^^^^^^^^^^^^^^^^^^^^^^^^^^^^^^^^^^^^^^^^
  File "/mnt/c/Users/brndn/Desktop/boardvision_repo/yolov7/frame_inference.py", line 22, in detect_frame
    names = model.module.names if hasattr(model, 'module') else model.names
                                                                ^^^^^^^^^^^
AttributeError: 'numpy.ndarray' object has no attribute 'names'
[INFO] 04:51:16 boardvision: YOLOv7: #00365  (no detections / no det list)
[ERROR] 04:51:16 boardvision: YOLOv7 detect failed
Traceback (most recent call last):
  File "/mnt/c/Users/brndn/Desktop/boardvision_repo/app.py", line 232, in infer
    out = self.detect_fn(self.model, frame, **detect_kwargs)
          ^^^^^^^^^^^^^^^^^^^^^^^^^^^^^^^^^^^^^^^^^^^^^^^^^^
  File "/mnt/c/Users/brndn/Desktop/boardvision_repo/yolov7/frame_inference.py", line 22, in detect_frame
    names = model.module.names if hasattr(model, 'module') else model.names
                                                                ^^^^^^^^^^^
AttributeError: 'numpy.ndarray' object has no attribute 'names'
[INFO] 04:51:16 boardvision: YOLOv7: #00366  (no detections / no det list)
[ERROR] 04:51:16 boardvision: YOLOv7 detect failed
Traceback (most recent call last):
  File "/mnt/c/Users/brndn/Desktop/boardvision_repo/app.py", line 232, in infer
    out = self.detect_fn(self.model, frame, **detect_kwargs)
          ^^^^^^^^^^^^^^^^^^^^^^^^^^^^^^^^^^^^^^^^^^^^^^^^^^
  File "/mnt/c/Users/brndn/Desktop/boardvision_repo/yolov7/frame_inference.py", line 22, in detect_frame
    names = model.module.names if hasattr(model, 'module') else model.names
                                                                ^^^^^^^^^^^
AttributeError: 'numpy.ndarray' object has no attribute 'names'
[INFO] 04:51:16 boardvision: YOLOv7: #00367  (no detections / no det list)
[ERROR] 04:51:16 boardvision: YOLOv7 detect failed
Traceback (most recent call last):
  File "/mnt/c/Users/brndn/Desktop/boardvision_repo/app.py", line 232, in infer
    out = self.detect_fn(self.model, frame, **detect_kwargs)
          ^^^^^^^^^^^^^^^^^^^^^^^^^^^^^^^^^^^^^^^^^^^^^^^^^^
  File "/mnt/c/Users/brndn/Desktop/boardvision_repo/yolov7/frame_inference.py", line 22, in detect_frame
    names = model.module.names if hasattr(model, 'module') else model.names
                                                                ^^^^^^^^^^^
AttributeError: 'numpy.ndarray' object has no attribute 'names'
[ERROR] 04:51:16 boardvision: voter_merge failed; using naive union of candidates
Traceback (most recent call last):
  File "/mnt/c/Users/brndn/Desktop/boardvision_repo/app.py", line 273, in run_voter_native
    return voter_merge(raw_a, raw_b, _voter_cfg)
           ^^^^^^^^^^^^^^^^^^^^^^^^^^^^^^^^^^^^^
  File "/mnt/c/Users/brndn/Desktop/boardvision_repo/voter.py", line 51, in voter_merge
    yolo_used = [False] * len(yolo_results)
                          ^^^^^^^^^^^^^^^^^
TypeError: object of type 'NoneType' has no len()
[INFO] 04:51:16 boardvision: YOLOv7: #00368  (no detections / no det list)
[INFO] 04:51:16 boardvision: VOTER: #00366  (voter: no fused detections)
[INFO] 04:52:48 boardvision: Stopping stream…
[INFO] 04:52:48 boardvision: Capture stopped
[INFO] 04:52:48 boardvision: Faster R-CNN worker stopped
[INFO] 04:52:48 boardvision: YOLOv7 worker stopped
[INFO] 04:52:48 boardvision: Stopped.
[INFO] 04:52:49 boardvision: Stopping stream…
[INFO] 04:52:49 boardvision: Stopped.
[INFO] 04:53:20 boardvision: Loaded F1 config for voter
[INFO] 04:53:20 boardvision: Derived 11 class names from voter F1 config
[INFO] 04:53:30 boardvision: Selected file: /mnt/c/Users/brndn/Desktop/boardvision_repo/sample/test_video.mp4
[INFO] 04:53:31 boardvision: Starting stream from source: /mnt/c/Users/brndn/Desktop/boardvision_repo/sample/test_video.mp4
[INFO] 04:53:31 boardvision: YOLOv7 worker started
[INFO] 04:53:31 boardvision: Faster R-CNN worker started
[INFO] 04:53:31 boardvision: Voter worker started
[INFO] 04:53:35 boardvision: Loaded Faster R-CNN model with args: {'device': 'cuda', 'weights_path': '/mnt/c/Users/brndn/Desktop/boardvision_repo/weights/fasterrcnn.pth'}
[ERROR] 04:53:35 boardvision: Faster R-CNN detect failed
Traceback (most recent call last):
  File "/mnt/c/Users/brndn/Desktop/boardvision_repo/app.py", line 232, in infer
    out = self.detect_fn(self.model, frame, **detect_kwargs)
          ^^^^^^^^^^^^^^^^^^^^^^^^^^^^^^^^^^^^^^^^^^^^^^^^^^
  File "/mnt/c/Users/brndn/Desktop/boardvision_repo/fasterrcnn/frame_inference.py", line 19, in run_fasterrcnn_on_frame
    orig_frame = frame.copy()
                 ^^^^^^^^^^
AttributeError: 'tuple' object has no attribute 'copy'
[INFO] 04:53:35 boardvision: Faster R-CNN: #00001  (no detections / no det list)
[ERROR] 04:53:35 boardvision: Faster R-CNN detect failed
Traceback (most recent call last):
  File "/mnt/c/Users/brndn/Desktop/boardvision_repo/app.py", line 232, in infer
    out = self.detect_fn(self.model, frame, **detect_kwargs)
          ^^^^^^^^^^^^^^^^^^^^^^^^^^^^^^^^^^^^^^^^^^^^^^^^^^
  File "/mnt/c/Users/brndn/Desktop/boardvision_repo/fasterrcnn/frame_inference.py", line 19, in run_fasterrcnn_on_frame
    orig_frame = frame.copy()
                 ^^^^^^^^^^
AttributeError: 'tuple' object has no attribute 'copy'
[INFO] 04:53:35 boardvision: Faster R-CNN: #00365  (no detections / no det list)
[ERROR] 04:53:35 boardvision: Faster R-CNN detect failed
Traceback (most recent call last):
  File "/mnt/c/Users/brndn/Desktop/boardvision_repo/app.py", line 232, in infer
    out = self.detect_fn(self.model, frame, **detect_kwargs)
          ^^^^^^^^^^^^^^^^^^^^^^^^^^^^^^^^^^^^^^^^^^^^^^^^^^
  File "/mnt/c/Users/brndn/Desktop/boardvision_repo/fasterrcnn/frame_inference.py", line 19, in run_fasterrcnn_on_frame
    orig_frame = frame.copy()
                 ^^^^^^^^^^
AttributeError: 'tuple' object has no attribute 'copy'
[INFO] 04:53:35 boardvision: Faster R-CNN: #00366  (no detections / no det list)
[ERROR] 04:53:35 boardvision: Faster R-CNN detect failed
Traceback (most recent call last):
  File "/mnt/c/Users/brndn/Desktop/boardvision_repo/app.py", line 232, in infer
    out = self.detect_fn(self.model, frame, **detect_kwargs)
          ^^^^^^^^^^^^^^^^^^^^^^^^^^^^^^^^^^^^^^^^^^^^^^^^^^
  File "/mnt/c/Users/brndn/Desktop/boardvision_repo/fasterrcnn/frame_inference.py", line 19, in run_fasterrcnn_on_frame
    orig_frame = frame.copy()
                 ^^^^^^^^^^
AttributeError: 'tuple' object has no attribute 'copy'
[INFO] 04:53:35 boardvision: Faster R-CNN: #00367  (no detections / no det list)
[ERROR] 04:53:35 boardvision: Faster R-CNN detect failed
Traceback (most recent call last):
  File "/mnt/c/Users/brndn/Desktop/boardvision_repo/app.py", line 232, in infer
    out = self.detect_fn(self.model, frame, **detect_kwargs)
          ^^^^^^^^^^^^^^^^^^^^^^^^^^^^^^^^^^^^^^^^^^^^^^^^^^
  File "/mnt/c/Users/brndn/Desktop/boardvision_repo/fasterrcnn/frame_inference.py", line 19, in run_fasterrcnn_on_frame
    orig_frame = frame.copy()
                 ^^^^^^^^^^
AttributeError: 'tuple' object has no attribute 'copy'
[INFO] 04:53:35 boardvision: Faster R-CNN: #00368  (no detections / no det list)
[INFO] 04:53:39 boardvision: Loaded YOLOv7 model with args: {'device': 'cuda', 'weights': '/mnt/c/Users/brndn/Desktop/boardvision_repo/weights/yolov7.pt'}
[ERROR] 04:53:39 boardvision: YOLOv7 detect failed
Traceback (most recent call last):
  File "/mnt/c/Users/brndn/Desktop/boardvision_repo/app.py", line 232, in infer
    out = self.detect_fn(self.model, frame, **detect_kwargs)
          ^^^^^^^^^^^^^^^^^^^^^^^^^^^^^^^^^^^^^^^^^^^^^^^^^^
  File "/mnt/c/Users/brndn/Desktop/boardvision_repo/yolov7/frame_inference.py", line 22, in detect_frame
    names = model.module.names if hasattr(model, 'module') else model.names
                                                                ^^^^^^^^^^^
AttributeError: 'numpy.ndarray' object has no attribute 'names'
[INFO] 04:53:39 boardvision: YOLOv7: #00001  (no detections / no det list)
[ERROR] 04:53:39 boardvision: YOLOv7 detect failed
Traceback (most recent call last):
  File "/mnt/c/Users/brndn/Desktop/boardvision_repo/app.py", line 232, in infer
    out = self.detect_fn(self.model, frame, **detect_kwargs)
          ^^^^^^^^^^^^^^^^^^^^^^^^^^^^^^^^^^^^^^^^^^^^^^^^^^
  File "/mnt/c/Users/brndn/Desktop/boardvision_repo/yolov7/frame_inference.py", line 22, in detect_frame
    names = model.module.names if hasattr(model, 'module') else model.names
                                                                ^^^^^^^^^^^
AttributeError: 'numpy.ndarray' object has no attribute 'names'
[ERROR] 04:53:39 boardvision: voter_merge failed; using naive union of candidates
Traceback (most recent call last):
  File "/mnt/c/Users/brndn/Desktop/boardvision_repo/app.py", line 273, in run_voter_native
    return voter_merge(raw_a, raw_b, _voter_cfg)
           ^^^^^^^^^^^^^^^^^^^^^^^^^^^^^^^^^^^^^
  File "/mnt/c/Users/brndn/Desktop/boardvision_repo/voter.py", line 51, in voter_merge
    yolo_used = [False] * len(yolo_results)
                          ^^^^^^^^^^^^^^^^^
TypeError: object of type 'NoneType' has no len()
[INFO] 04:53:39 boardvision: YOLOv7: #00365  (no detections / no det list)
[ERROR] 04:53:39 boardvision: YOLOv7 detect failed
Traceback (most recent call last):
  File "/mnt/c/Users/brndn/Desktop/boardvision_repo/app.py", line 232, in infer
    out = self.detect_fn(self.model, frame, **detect_kwargs)
          ^^^^^^^^^^^^^^^^^^^^^^^^^^^^^^^^^^^^^^^^^^^^^^^^^^
  File "/mnt/c/Users/brndn/Desktop/boardvision_repo/yolov7/frame_inference.py", line 22, in detect_frame
    names = model.module.names if hasattr(model, 'module') else model.names
                                                                ^^^^^^^^^^^
AttributeError: 'numpy.ndarray' object has no attribute 'names'
[INFO] 04:53:39 boardvision: YOLOv7: #00366  (no detections / no det list)
[INFO] 04:53:39 boardvision: VOTER: #00001  (voter: no fused detections)
[ERROR] 04:53:39 boardvision: YOLOv7 detect failed
Traceback (most recent call last):
  File "/mnt/c/Users/brndn/Desktop/boardvision_repo/app.py", line 232, in infer
    out = self.detect_fn(self.model, frame, **detect_kwargs)
          ^^^^^^^^^^^^^^^^^^^^^^^^^^^^^^^^^^^^^^^^^^^^^^^^^^
  File "/mnt/c/Users/brndn/Desktop/boardvision_repo/yolov7/frame_inference.py", line 22, in detect_frame
    names = model.module.names if hasattr(model, 'module') else model.names
                                                                ^^^^^^^^^^^
AttributeError: 'numpy.ndarray' object has no attribute 'names'
[INFO] 04:53:39 boardvision: YOLOv7: #00367  (no detections / no det list)
[ERROR] 04:53:39 boardvision: YOLOv7 detect failed
Traceback (most recent call last):
  File "/mnt/c/Users/brndn/Desktop/boardvision_repo/app.py", line 232, in infer
    out = self.detect_fn(self.model, frame, **detect_kwargs)
          ^^^^^^^^^^^^^^^^^^^^^^^^^^^^^^^^^^^^^^^^^^^^^^^^^^
  File "/mnt/c/Users/brndn/Desktop/boardvision_repo/yolov7/frame_inference.py", line 22, in detect_frame
    names = model.module.names if hasattr(model, 'module') else model.names
                                                                ^^^^^^^^^^^
AttributeError: 'numpy.ndarray' object has no attribute 'names'
[ERROR] 04:53:39 boardvision: voter_merge failed; using naive union of candidates
Traceback (most recent call last):
  File "/mnt/c/Users/brndn/Desktop/boardvision_repo/app.py", line 273, in run_voter_native
    return voter_merge(raw_a, raw_b, _voter_cfg)
           ^^^^^^^^^^^^^^^^^^^^^^^^^^^^^^^^^^^^^
  File "/mnt/c/Users/brndn/Desktop/boardvision_repo/voter.py", line 51, in voter_merge
    yolo_used = [False] * len(yolo_results)
                          ^^^^^^^^^^^^^^^^^
TypeError: object of type 'NoneType' has no len()
[INFO] 04:53:39 boardvision: YOLOv7: #00368  (no detections / no det list)
[INFO] 04:53:39 boardvision: VOTER: #00366  (voter: no fused detections)
[ERROR] 04:53:39 boardvision: voter_merge failed; using naive union of candidates
Traceback (most recent call last):
  File "/mnt/c/Users/brndn/Desktop/boardvision_repo/app.py", line 273, in run_voter_native
    return voter_merge(raw_a, raw_b, _voter_cfg)
           ^^^^^^^^^^^^^^^^^^^^^^^^^^^^^^^^^^^^^
  File "/mnt/c/Users/brndn/Desktop/boardvision_repo/voter.py", line 51, in voter_merge
    yolo_used = [False] * len(yolo_results)
                          ^^^^^^^^^^^^^^^^^
TypeError: object of type 'NoneType' has no len()
[INFO] 04:53:39 boardvision: VOTER: #00367  (voter: no fused detections)
[INFO] 04:53:44 boardvision: Stopping stream…
[INFO] 04:53:44 boardvision: Voter worker stopped
[INFO] 04:53:44 boardvision: Faster R-CNN worker stopped
[INFO] 04:53:44 boardvision: Capture stopped
[INFO] 04:53:44 boardvision: YOLOv7 worker stopped
[INFO] 04:53:44 boardvision: Stopped.
[INFO] 04:53:45 boardvision: Stopping stream…
[INFO] 04:53:45 boardvision: Stopped.
[INFO] 04:58:44 boardvision: Loaded F1 config for voter
[INFO] 04:58:44 boardvision: Derived 11 class names from voter F1 config
[INFO] 04:58:51 boardvision: Selected file: /mnt/c/Users/brndn/Desktop/boardvision_repo/sample/test_video.mp4
[INFO] 04:58:52 boardvision: Starting stream from source: /mnt/c/Users/brndn/Desktop/boardvision_repo/sample/test_video.mp4
[INFO] 04:58:52 boardvision: YOLOv7 worker started
[INFO] 04:58:52 boardvision: Faster R-CNN worker started
[INFO] 04:58:52 boardvision: Voter worker started
[INFO] 04:58:56 boardvision: Loaded Faster R-CNN model with args: {'device': 'cuda', 'weights_path': '/mnt/c/Users/brndn/Desktop/boardvision_repo/weights/fasterrcnn.pth'}
[ERROR] 04:58:56 boardvision: Faster R-CNN detect failed
Traceback (most recent call last):
  File "/mnt/c/Users/brndn/Desktop/boardvision_repo/app.py", line 257, in infer
    out = self.detect_fn(**call_kwargs)
          ^^^^^^^^^^^^^^^^^^^^^^^^^^^^^
  File "/mnt/c/Users/brndn/Desktop/boardvision_repo/fasterrcnn/frame_inference.py", line 33, in run_fasterrcnn_on_frame
    outputs = model(image)
              ^^^^^^^^^^^^
TypeError: 'tuple' object is not callable
[INFO] 04:58:56 boardvision: Faster R-CNN: #00001  (no detections / no det list)
[ERROR] 04:58:56 boardvision: Faster R-CNN detect failed
Traceback (most recent call last):
  File "/mnt/c/Users/brndn/Desktop/boardvision_repo/app.py", line 257, in infer
    out = self.detect_fn(**call_kwargs)
          ^^^^^^^^^^^^^^^^^^^^^^^^^^^^^
  File "/mnt/c/Users/brndn/Desktop/boardvision_repo/fasterrcnn/frame_inference.py", line 33, in run_fasterrcnn_on_frame
    outputs = model(image)
              ^^^^^^^^^^^^
TypeError: 'tuple' object is not callable
[INFO] 04:58:56 boardvision: Faster R-CNN: #00365  (no detections / no det list)
[ERROR] 04:58:56 boardvision: Faster R-CNN detect failed
Traceback (most recent call last):
  File "/mnt/c/Users/brndn/Desktop/boardvision_repo/app.py", line 257, in infer
    out = self.detect_fn(**call_kwargs)
          ^^^^^^^^^^^^^^^^^^^^^^^^^^^^^
  File "/mnt/c/Users/brndn/Desktop/boardvision_repo/fasterrcnn/frame_inference.py", line 33, in run_fasterrcnn_on_frame
    outputs = model(image)
              ^^^^^^^^^^^^
TypeError: 'tuple' object is not callable
[INFO] 04:58:56 boardvision: Faster R-CNN: #00366  (no detections / no det list)
[ERROR] 04:58:56 boardvision: Faster R-CNN detect failed
Traceback (most recent call last):
  File "/mnt/c/Users/brndn/Desktop/boardvision_repo/app.py", line 257, in infer
    out = self.detect_fn(**call_kwargs)
          ^^^^^^^^^^^^^^^^^^^^^^^^^^^^^
  File "/mnt/c/Users/brndn/Desktop/boardvision_repo/fasterrcnn/frame_inference.py", line 33, in run_fasterrcnn_on_frame
    outputs = model(image)
              ^^^^^^^^^^^^
TypeError: 'tuple' object is not callable
[INFO] 04:58:56 boardvision: Faster R-CNN: #00367  (no detections / no det list)
[ERROR] 04:58:56 boardvision: Faster R-CNN detect failed
Traceback (most recent call last):
  File "/mnt/c/Users/brndn/Desktop/boardvision_repo/app.py", line 257, in infer
    out = self.detect_fn(**call_kwargs)
          ^^^^^^^^^^^^^^^^^^^^^^^^^^^^^
  File "/mnt/c/Users/brndn/Desktop/boardvision_repo/fasterrcnn/frame_inference.py", line 33, in run_fasterrcnn_on_frame
    outputs = model(image)
              ^^^^^^^^^^^^
TypeError: 'tuple' object is not callable
[INFO] 04:58:56 boardvision: Faster R-CNN: #00368  (no detections / no det list)
[INFO] 04:58:58 boardvision: Loaded YOLOv7 model with args: {'device': 'cuda', 'weights': '/mnt/c/Users/brndn/Desktop/boardvision_repo/weights/yolov7.pt'}
[ERROR] 04:58:59 boardvision: YOLOv7 detect failed
Traceback (most recent call last):
  File "/mnt/c/Users/brndn/Desktop/boardvision_repo/app.py", line 257, in infer
    out = self.detect_fn(**call_kwargs)
          ^^^^^^^^^^^^^^^^^^^^^^^^^^^^^
  File "/mnt/c/Users/brndn/Desktop/boardvision_repo/yolov7/frame_inference.py", line 37, in detect_frame
    pred = model(img_tensor)[0]
           ^^^^^^^^^^^^^^^^^
  File "/home/brandon/miniconda3/lib/python3.11/site-packages/torch/nn/modules/module.py", line 1518, in _wrapped_call_impl
    return self._call_impl(*args, **kwargs)
           ^^^^^^^^^^^^^^^^^^^^^^^^^^^^^^^^
  File "/home/brandon/miniconda3/lib/python3.11/site-packages/torch/nn/modules/module.py", line 1527, in _call_impl
    return forward_call(*args, **kwargs)
           ^^^^^^^^^^^^^^^^^^^^^^^^^^^^^
  File "/mnt/c/Users/brndn/Desktop/boardvision_repo/yolov7/utils/torch_utils.py", line 372, in forward
    out = self.model(x)
          ^^^^^^^^^^^^^
  File "/home/brandon/miniconda3/lib/python3.11/site-packages/torch/nn/modules/module.py", line 1518, in _wrapped_call_impl
    return self._call_impl(*args, **kwargs)
           ^^^^^^^^^^^^^^^^^^^^^^^^^^^^^^^^
  File "/home/brandon/miniconda3/lib/python3.11/site-packages/torch/nn/modules/module.py", line 1527, in _call_impl
    return forward_call(*args, **kwargs)
           ^^^^^^^^^^^^^^^^^^^^^^^^^^^^^
RuntimeError: The following operation failed in the TorchScript interpreter.
Traceback of TorchScript (most recent call last):
/home/brandon/miniconda3/lib/python3.11/site-packages/torch/nn/modules/conv.py(456): _conv_forward
/home/brandon/miniconda3/lib/python3.11/site-packages/torch/nn/modules/conv.py(460): forward
/home/brandon/miniconda3/lib/python3.11/site-packages/torch/nn/modules/module.py(1508): _slow_forward
/home/brandon/miniconda3/lib/python3.11/site-packages/torch/nn/modules/module.py(1527): _call_impl
/home/brandon/miniconda3/lib/python3.11/site-packages/torch/nn/modules/module.py(1518): _wrapped_call_impl
/mnt/c/Users/brndn/Desktop/boardvision_repo/yolov7/models/common.py(108): forward
/home/brandon/miniconda3/lib/python3.11/site-packages/torch/nn/modules/module.py(1508): _slow_forward
/home/brandon/miniconda3/lib/python3.11/site-packages/torch/nn/modules/module.py(1527): _call_impl
/home/brandon/miniconda3/lib/python3.11/site-packages/torch/nn/modules/module.py(1518): _wrapped_call_impl
/mnt/c/Users/brndn/Desktop/boardvision_repo/yolov7/models/yolo.py(625): forward_once
/mnt/c/Users/brndn/Desktop/boardvision_repo/yolov7/models/yolo.py(599): forward
/home/brandon/miniconda3/lib/python3.11/site-packages/torch/nn/modules/module.py(1508): _slow_forward
/home/brandon/miniconda3/lib/python3.11/site-packages/torch/nn/modules/module.py(1527): _call_impl
/home/brandon/miniconda3/lib/python3.11/site-packages/torch/nn/modules/module.py(1518): _wrapped_call_impl
/home/brandon/miniconda3/lib/python3.11/site-packages/torch/jit/_trace.py(1065): trace_module
/home/brandon/miniconda3/lib/python3.11/site-packages/torch/jit/_trace.py(798): trace
/mnt/c/Users/brndn/Desktop/boardvision_repo/yolov7/utils/torch_utils.py(362): __init__
/mnt/c/Users/brndn/Desktop/boardvision_repo/yolov7/frame_inference.py(17): load_yolov7_model
/mnt/c/Users/brndn/Desktop/boardvision_repo/app.py(209): ensure_loaded
/mnt/c/Users/brndn/Desktop/boardvision_repo/app.py(234): infer
/mnt/c/Users/brndn/Desktop/boardvision_repo/app.py(424): run
/home/brandon/miniconda3/lib/python3.11/threading.py(1038): _bootstrap_inner
/home/brandon/miniconda3/lib/python3.11/threading.py(995): _bootstrap
RuntimeError: Input type (torch.FloatTensor) and weight type (torch.cuda.FloatTensor) should be the same or input should be a MKLDNN tensor and weight is a dense tensor

[INFO] 04:58:59 boardvision: YOLOv7: #00001  (no detections / no det list)
[ERROR] 04:58:59 boardvision: YOLOv7 detect failed
Traceback (most recent call last):
  File "/mnt/c/Users/brndn/Desktop/boardvision_repo/app.py", line 257, in infer
    out = self.detect_fn(**call_kwargs)
          ^^^^^^^^^^^^^^^^^^^^^^^^^^^^^
  File "/mnt/c/Users/brndn/Desktop/boardvision_repo/yolov7/frame_inference.py", line 37, in detect_frame
    pred = model(img_tensor)[0]
           ^^^^^^^^^^^^^^^^^
  File "/home/brandon/miniconda3/lib/python3.11/site-packages/torch/nn/modules/module.py", line 1518, in _wrapped_call_impl
    return self._call_impl(*args, **kwargs)
           ^^^^^^^^^^^^^^^^^^^^^^^^^^^^^^^^
  File "/home/brandon/miniconda3/lib/python3.11/site-packages/torch/nn/modules/module.py", line 1527, in _call_impl
    return forward_call(*args, **kwargs)
           ^^^^^^^^^^^^^^^^^^^^^^^^^^^^^
  File "/mnt/c/Users/brndn/Desktop/boardvision_repo/yolov7/utils/torch_utils.py", line 372, in forward
    out = self.model(x)
          ^^^^^^^^^^^^^
  File "/home/brandon/miniconda3/lib/python3.11/site-packages/torch/nn/modules/module.py", line 1518, in _wrapped_call_impl
    return self._call_impl(*args, **kwargs)
           ^^^^^^^^^^^^^^^^^^^^^^^^^^^^^^^^
  File "/home/brandon/miniconda3/lib/python3.11/site-packages/torch/nn/modules/module.py", line 1527, in _call_impl
    return forward_call(*args, **kwargs)
           ^^^^^^^^^^^^^^^^^^^^^^^^^^^^^
RuntimeError: The following operation failed in the TorchScript interpreter.
Traceback of TorchScript (most recent call last):
/home/brandon/miniconda3/lib/python3.11/site-packages/torch/nn/modules/conv.py(456): _conv_forward
/home/brandon/miniconda3/lib/python3.11/site-packages/torch/nn/modules/conv.py(460): forward
/home/brandon/miniconda3/lib/python3.11/site-packages/torch/nn/modules/module.py(1508): _slow_forward
/home/brandon/miniconda3/lib/python3.11/site-packages/torch/nn/modules/module.py(1527): _call_impl
/home/brandon/miniconda3/lib/python3.11/site-packages/torch/nn/modules/module.py(1518): _wrapped_call_impl
/mnt/c/Users/brndn/Desktop/boardvision_repo/yolov7/models/common.py(108): forward
/home/brandon/miniconda3/lib/python3.11/site-packages/torch/nn/modules/module.py(1508): _slow_forward
/home/brandon/miniconda3/lib/python3.11/site-packages/torch/nn/modules/module.py(1527): _call_impl
/home/brandon/miniconda3/lib/python3.11/site-packages/torch/nn/modules/module.py(1518): _wrapped_call_impl
/mnt/c/Users/brndn/Desktop/boardvision_repo/yolov7/models/yolo.py(625): forward_once
/mnt/c/Users/brndn/Desktop/boardvision_repo/yolov7/models/yolo.py(599): forward
/home/brandon/miniconda3/lib/python3.11/site-packages/torch/nn/modules/module.py(1508): _slow_forward
/home/brandon/miniconda3/lib/python3.11/site-packages/torch/nn/modules/module.py(1527): _call_impl
/home/brandon/miniconda3/lib/python3.11/site-packages/torch/nn/modules/module.py(1518): _wrapped_call_impl
/home/brandon/miniconda3/lib/python3.11/site-packages/torch/jit/_trace.py(1065): trace_module
/home/brandon/miniconda3/lib/python3.11/site-packages/torch/jit/_trace.py(798): trace
/mnt/c/Users/brndn/Desktop/boardvision_repo/yolov7/utils/torch_utils.py(362): __init__
/mnt/c/Users/brndn/Desktop/boardvision_repo/yolov7/frame_inference.py(17): load_yolov7_model
/mnt/c/Users/brndn/Desktop/boardvision_repo/app.py(209): ensure_loaded
/mnt/c/Users/brndn/Desktop/boardvision_repo/app.py(234): infer
/mnt/c/Users/brndn/Desktop/boardvision_repo/app.py(424): run
/home/brandon/miniconda3/lib/python3.11/threading.py(1038): _bootstrap_inner
/home/brandon/miniconda3/lib/python3.11/threading.py(995): _bootstrap
RuntimeError: Input type (torch.FloatTensor) and weight type (torch.cuda.FloatTensor) should be the same or input should be a MKLDNN tensor and weight is a dense tensor

[INFO] 04:58:59 boardvision: YOLOv7: #00365  (no detections / no det list)
[INFO] 04:58:59 boardvision: VOTER: #00365  (voter: no fused detections)
[ERROR] 04:58:59 boardvision: YOLOv7 detect failed
Traceback (most recent call last):
  File "/mnt/c/Users/brndn/Desktop/boardvision_repo/app.py", line 257, in infer
    out = self.detect_fn(**call_kwargs)
          ^^^^^^^^^^^^^^^^^^^^^^^^^^^^^
  File "/mnt/c/Users/brndn/Desktop/boardvision_repo/yolov7/frame_inference.py", line 37, in detect_frame
    pred = model(img_tensor)[0]
           ^^^^^^^^^^^^^^^^^
  File "/home/brandon/miniconda3/lib/python3.11/site-packages/torch/nn/modules/module.py", line 1518, in _wrapped_call_impl
    return self._call_impl(*args, **kwargs)
           ^^^^^^^^^^^^^^^^^^^^^^^^^^^^^^^^
  File "/home/brandon/miniconda3/lib/python3.11/site-packages/torch/nn/modules/module.py", line 1527, in _call_impl
    return forward_call(*args, **kwargs)
           ^^^^^^^^^^^^^^^^^^^^^^^^^^^^^
  File "/mnt/c/Users/brndn/Desktop/boardvision_repo/yolov7/utils/torch_utils.py", line 372, in forward
    out = self.model(x)
          ^^^^^^^^^^^^^
  File "/home/brandon/miniconda3/lib/python3.11/site-packages/torch/nn/modules/module.py", line 1518, in _wrapped_call_impl
    return self._call_impl(*args, **kwargs)
           ^^^^^^^^^^^^^^^^^^^^^^^^^^^^^^^^
  File "/home/brandon/miniconda3/lib/python3.11/site-packages/torch/nn/modules/module.py", line 1527, in _call_impl
    return forward_call(*args, **kwargs)
           ^^^^^^^^^^^^^^^^^^^^^^^^^^^^^
RuntimeError: The following operation failed in the TorchScript interpreter.
Traceback of TorchScript (most recent call last):
/home/brandon/miniconda3/lib/python3.11/site-packages/torch/nn/modules/conv.py(456): _conv_forward
/home/brandon/miniconda3/lib/python3.11/site-packages/torch/nn/modules/conv.py(460): forward
/home/brandon/miniconda3/lib/python3.11/site-packages/torch/nn/modules/module.py(1508): _slow_forward
/home/brandon/miniconda3/lib/python3.11/site-packages/torch/nn/modules/module.py(1527): _call_impl
/home/brandon/miniconda3/lib/python3.11/site-packages/torch/nn/modules/module.py(1518): _wrapped_call_impl
/mnt/c/Users/brndn/Desktop/boardvision_repo/yolov7/models/common.py(108): forward
/home/brandon/miniconda3/lib/python3.11/site-packages/torch/nn/modules/module.py(1508): _slow_forward
/home/brandon/miniconda3/lib/python3.11/site-packages/torch/nn/modules/module.py(1527): _call_impl
/home/brandon/miniconda3/lib/python3.11/site-packages/torch/nn/modules/module.py(1518): _wrapped_call_impl
/mnt/c/Users/brndn/Desktop/boardvision_repo/yolov7/models/yolo.py(625): forward_once
/mnt/c/Users/brndn/Desktop/boardvision_repo/yolov7/models/yolo.py(599): forward
/home/brandon/miniconda3/lib/python3.11/site-packages/torch/nn/modules/module.py(1508): _slow_forward
/home/brandon/miniconda3/lib/python3.11/site-packages/torch/nn/modules/module.py(1527): _call_impl
/home/brandon/miniconda3/lib/python3.11/site-packages/torch/nn/modules/module.py(1518): _wrapped_call_impl
/home/brandon/miniconda3/lib/python3.11/site-packages/torch/jit/_trace.py(1065): trace_module
/home/brandon/miniconda3/lib/python3.11/site-packages/torch/jit/_trace.py(798): trace
/mnt/c/Users/brndn/Desktop/boardvision_repo/yolov7/utils/torch_utils.py(362): __init__
/mnt/c/Users/brndn/Desktop/boardvision_repo/yolov7/frame_inference.py(17): load_yolov7_model
/mnt/c/Users/brndn/Desktop/boardvision_repo/app.py(209): ensure_loaded
/mnt/c/Users/brndn/Desktop/boardvision_repo/app.py(234): infer
/mnt/c/Users/brndn/Desktop/boardvision_repo/app.py(424): run
/home/brandon/miniconda3/lib/python3.11/threading.py(1038): _bootstrap_inner
/home/brandon/miniconda3/lib/python3.11/threading.py(995): _bootstrap
RuntimeError: Input type (torch.FloatTensor) and weight type (torch.cuda.FloatTensor) should be the same or input should be a MKLDNN tensor and weight is a dense tensor

[INFO] 04:58:59 boardvision: YOLOv7: #00366  (no detections / no det list)
[INFO] 04:58:59 boardvision: VOTER: #00366  (voter: no fused detections)
[ERROR] 04:58:59 boardvision: YOLOv7 detect failed
Traceback (most recent call last):
  File "/mnt/c/Users/brndn/Desktop/boardvision_repo/app.py", line 257, in infer
    out = self.detect_fn(**call_kwargs)
          ^^^^^^^^^^^^^^^^^^^^^^^^^^^^^
  File "/mnt/c/Users/brndn/Desktop/boardvision_repo/yolov7/frame_inference.py", line 37, in detect_frame
    pred = model(img_tensor)[0]
           ^^^^^^^^^^^^^^^^^
  File "/home/brandon/miniconda3/lib/python3.11/site-packages/torch/nn/modules/module.py", line 1518, in _wrapped_call_impl
    return self._call_impl(*args, **kwargs)
           ^^^^^^^^^^^^^^^^^^^^^^^^^^^^^^^^
  File "/home/brandon/miniconda3/lib/python3.11/site-packages/torch/nn/modules/module.py", line 1527, in _call_impl
    return forward_call(*args, **kwargs)
           ^^^^^^^^^^^^^^^^^^^^^^^^^^^^^
  File "/mnt/c/Users/brndn/Desktop/boardvision_repo/yolov7/utils/torch_utils.py", line 372, in forward
    out = self.model(x)
          ^^^^^^^^^^^^^
  File "/home/brandon/miniconda3/lib/python3.11/site-packages/torch/nn/modules/module.py", line 1518, in _wrapped_call_impl
    return self._call_impl(*args, **kwargs)
           ^^^^^^^^^^^^^^^^^^^^^^^^^^^^^^^^
  File "/home/brandon/miniconda3/lib/python3.11/site-packages/torch/nn/modules/module.py", line 1527, in _call_impl
    return forward_call(*args, **kwargs)
           ^^^^^^^^^^^^^^^^^^^^^^^^^^^^^
RuntimeError: The following operation failed in the TorchScript interpreter.
Traceback of TorchScript (most recent call last):
/home/brandon/miniconda3/lib/python3.11/site-packages/torch/nn/modules/conv.py(456): _conv_forward
/home/brandon/miniconda3/lib/python3.11/site-packages/torch/nn/modules/conv.py(460): forward
/home/brandon/miniconda3/lib/python3.11/site-packages/torch/nn/modules/module.py(1508): _slow_forward
/home/brandon/miniconda3/lib/python3.11/site-packages/torch/nn/modules/module.py(1527): _call_impl
/home/brandon/miniconda3/lib/python3.11/site-packages/torch/nn/modules/module.py(1518): _wrapped_call_impl
/mnt/c/Users/brndn/Desktop/boardvision_repo/yolov7/models/common.py(108): forward
/home/brandon/miniconda3/lib/python3.11/site-packages/torch/nn/modules/module.py(1508): _slow_forward
/home/brandon/miniconda3/lib/python3.11/site-packages/torch/nn/modules/module.py(1527): _call_impl
/home/brandon/miniconda3/lib/python3.11/site-packages/torch/nn/modules/module.py(1518): _wrapped_call_impl
/mnt/c/Users/brndn/Desktop/boardvision_repo/yolov7/models/yolo.py(625): forward_once
/mnt/c/Users/brndn/Desktop/boardvision_repo/yolov7/models/yolo.py(599): forward
/home/brandon/miniconda3/lib/python3.11/site-packages/torch/nn/modules/module.py(1508): _slow_forward
/home/brandon/miniconda3/lib/python3.11/site-packages/torch/nn/modules/module.py(1527): _call_impl
/home/brandon/miniconda3/lib/python3.11/site-packages/torch/nn/modules/module.py(1518): _wrapped_call_impl
/home/brandon/miniconda3/lib/python3.11/site-packages/torch/jit/_trace.py(1065): trace_module
/home/brandon/miniconda3/lib/python3.11/site-packages/torch/jit/_trace.py(798): trace
/mnt/c/Users/brndn/Desktop/boardvision_repo/yolov7/utils/torch_utils.py(362): __init__
/mnt/c/Users/brndn/Desktop/boardvision_repo/yolov7/frame_inference.py(17): load_yolov7_model
/mnt/c/Users/brndn/Desktop/boardvision_repo/app.py(209): ensure_loaded
/mnt/c/Users/brndn/Desktop/boardvision_repo/app.py(234): infer
/mnt/c/Users/brndn/Desktop/boardvision_repo/app.py(424): run
/home/brandon/miniconda3/lib/python3.11/threading.py(1038): _bootstrap_inner
/home/brandon/miniconda3/lib/python3.11/threading.py(995): _bootstrap
RuntimeError: Input type (torch.FloatTensor) and weight type (torch.cuda.FloatTensor) should be the same or input should be a MKLDNN tensor and weight is a dense tensor

[INFO] 04:58:59 boardvision: YOLOv7: #00367  (no detections / no det list)
[INFO] 04:58:59 boardvision: VOTER: #00367  (voter: no fused detections)
[ERROR] 04:58:59 boardvision: YOLOv7 detect failed
Traceback (most recent call last):
  File "/mnt/c/Users/brndn/Desktop/boardvision_repo/app.py", line 257, in infer
    out = self.detect_fn(**call_kwargs)
          ^^^^^^^^^^^^^^^^^^^^^^^^^^^^^
  File "/mnt/c/Users/brndn/Desktop/boardvision_repo/yolov7/frame_inference.py", line 37, in detect_frame
    pred = model(img_tensor)[0]
           ^^^^^^^^^^^^^^^^^
  File "/home/brandon/miniconda3/lib/python3.11/site-packages/torch/nn/modules/module.py", line 1518, in _wrapped_call_impl
    return self._call_impl(*args, **kwargs)
           ^^^^^^^^^^^^^^^^^^^^^^^^^^^^^^^^
  File "/home/brandon/miniconda3/lib/python3.11/site-packages/torch/nn/modules/module.py", line 1527, in _call_impl
    return forward_call(*args, **kwargs)
           ^^^^^^^^^^^^^^^^^^^^^^^^^^^^^
  File "/mnt/c/Users/brndn/Desktop/boardvision_repo/yolov7/utils/torch_utils.py", line 372, in forward
    out = self.model(x)
          ^^^^^^^^^^^^^
  File "/home/brandon/miniconda3/lib/python3.11/site-packages/torch/nn/modules/module.py", line 1518, in _wrapped_call_impl
    return self._call_impl(*args, **kwargs)
           ^^^^^^^^^^^^^^^^^^^^^^^^^^^^^^^^
  File "/home/brandon/miniconda3/lib/python3.11/site-packages/torch/nn/modules/module.py", line 1527, in _call_impl
    return forward_call(*args, **kwargs)
           ^^^^^^^^^^^^^^^^^^^^^^^^^^^^^
RuntimeError: The following operation failed in the TorchScript interpreter.
Traceback of TorchScript (most recent call last):
/home/brandon/miniconda3/lib/python3.11/site-packages/torch/nn/modules/conv.py(456): _conv_forward
/home/brandon/miniconda3/lib/python3.11/site-packages/torch/nn/modules/conv.py(460): forward
/home/brandon/miniconda3/lib/python3.11/site-packages/torch/nn/modules/module.py(1508): _slow_forward
/home/brandon/miniconda3/lib/python3.11/site-packages/torch/nn/modules/module.py(1527): _call_impl
/home/brandon/miniconda3/lib/python3.11/site-packages/torch/nn/modules/module.py(1518): _wrapped_call_impl
/mnt/c/Users/brndn/Desktop/boardvision_repo/yolov7/models/common.py(108): forward
/home/brandon/miniconda3/lib/python3.11/site-packages/torch/nn/modules/module.py(1508): _slow_forward
/home/brandon/miniconda3/lib/python3.11/site-packages/torch/nn/modules/module.py(1527): _call_impl
/home/brandon/miniconda3/lib/python3.11/site-packages/torch/nn/modules/module.py(1518): _wrapped_call_impl
/mnt/c/Users/brndn/Desktop/boardvision_repo/yolov7/models/yolo.py(625): forward_once
/mnt/c/Users/brndn/Desktop/boardvision_repo/yolov7/models/yolo.py(599): forward
/home/brandon/miniconda3/lib/python3.11/site-packages/torch/nn/modules/module.py(1508): _slow_forward
/home/brandon/miniconda3/lib/python3.11/site-packages/torch/nn/modules/module.py(1527): _call_impl
/home/brandon/miniconda3/lib/python3.11/site-packages/torch/nn/modules/module.py(1518): _wrapped_call_impl
/home/brandon/miniconda3/lib/python3.11/site-packages/torch/jit/_trace.py(1065): trace_module
/home/brandon/miniconda3/lib/python3.11/site-packages/torch/jit/_trace.py(798): trace
/mnt/c/Users/brndn/Desktop/boardvision_repo/yolov7/utils/torch_utils.py(362): __init__
/mnt/c/Users/brndn/Desktop/boardvision_repo/yolov7/frame_inference.py(17): load_yolov7_model
/mnt/c/Users/brndn/Desktop/boardvision_repo/app.py(209): ensure_loaded
/mnt/c/Users/brndn/Desktop/boardvision_repo/app.py(234): infer
/mnt/c/Users/brndn/Desktop/boardvision_repo/app.py(424): run
/home/brandon/miniconda3/lib/python3.11/threading.py(1038): _bootstrap_inner
/home/brandon/miniconda3/lib/python3.11/threading.py(995): _bootstrap
RuntimeError: Input type (torch.FloatTensor) and weight type (torch.cuda.FloatTensor) should be the same or input should be a MKLDNN tensor and weight is a dense tensor

[INFO] 04:58:59 boardvision: YOLOv7: #00368  (no detections / no det list)
[INFO] 04:58:59 boardvision: VOTER: #00368  (voter: no fused detections)
[INFO] 04:59:00 boardvision: Stopping stream…
[INFO] 04:59:00 boardvision: Voter worker stopped
[INFO] 04:59:00 boardvision: Capture stopped
[INFO] 04:59:01 boardvision: Faster R-CNN worker stopped
[INFO] 04:59:01 boardvision: YOLOv7 worker stopped
[INFO] 04:59:01 boardvision: Stopped.
[INFO] 04:59:02 boardvision: Stopping stream…
[INFO] 04:59:02 boardvision: Stopped.
[INFO] 05:21:50 boardvision: Derived 11 class names from voter F1 config
[INFO] 05:21:56 boardvision: Selected file: /mnt/c/Users/brndn/Desktop/boardvision_repo/sample/test_video.mp4
[INFO] 05:21:57 boardvision: Starting stream from source: /mnt/c/Users/brndn/Desktop/boardvision_repo/sample/test_video.mp4
[INFO] 05:21:57 boardvision: YOLOv7 worker started
[INFO] 05:21:57 boardvision: Faster R-CNN worker started
[INFO] 05:21:57 boardvision: Voter worker started
[INFO] 05:21:58 boardvision: [Faster R-CNN] using device=cuda
[INFO] 05:21:58 boardvision: [YOLOv7] using device=cuda
[INFO] 05:22:02 boardvision: Loaded Faster R-CNN model with args: {'weights_path': '/mnt/c/Users/brndn/Desktop/boardvision_repo/weights/fasterrcnn.pth', 'device': 'cuda'}
[ERROR] 05:22:02 boardvision: Faster R-CNN detect failed
Traceback (most recent call last):
  File "/mnt/c/Users/brndn/Desktop/boardvision_repo/app.py", line 328, in infer
    out = self.detect_fn(model=self.model, frame=norm_frame, **call_kwargs)
          ^^^^^^^^^^^^^^^^^^^^^^^^^^^^^^^^^^^^^^^^^^^^^^^^^^^^^^^^^^^^^^^^^
  File "/mnt/c/Users/brndn/Desktop/boardvision_repo/fasterrcnn/frame_inference.py", line 33, in run_fasterrcnn_on_frame
    outputs = model(image)
              ^^^^^^^^^^^^
TypeError: 'tuple' object is not callable
[INFO] 05:22:02 boardvision: Faster R-CNN: #00001  (no detections)
[ERROR] 05:22:02 boardvision: Faster R-CNN detect failed
Traceback (most recent call last):
  File "/mnt/c/Users/brndn/Desktop/boardvision_repo/app.py", line 328, in infer
    out = self.detect_fn(model=self.model, frame=norm_frame, **call_kwargs)
          ^^^^^^^^^^^^^^^^^^^^^^^^^^^^^^^^^^^^^^^^^^^^^^^^^^^^^^^^^^^^^^^^^
  File "/mnt/c/Users/brndn/Desktop/boardvision_repo/fasterrcnn/frame_inference.py", line 33, in run_fasterrcnn_on_frame
    outputs = model(image)
              ^^^^^^^^^^^^
TypeError: 'tuple' object is not callable
[INFO] 05:22:02 boardvision: Faster R-CNN: #00365  (no detections)
[ERROR] 05:22:02 boardvision: Faster R-CNN detect failed
Traceback (most recent call last):
  File "/mnt/c/Users/brndn/Desktop/boardvision_repo/app.py", line 328, in infer
    out = self.detect_fn(model=self.model, frame=norm_frame, **call_kwargs)
          ^^^^^^^^^^^^^^^^^^^^^^^^^^^^^^^^^^^^^^^^^^^^^^^^^^^^^^^^^^^^^^^^^
  File "/mnt/c/Users/brndn/Desktop/boardvision_repo/fasterrcnn/frame_inference.py", line 33, in run_fasterrcnn_on_frame
    outputs = model(image)
              ^^^^^^^^^^^^
TypeError: 'tuple' object is not callable
[INFO] 05:22:02 boardvision: Faster R-CNN: #00366  (no detections)
[ERROR] 05:22:02 boardvision: Faster R-CNN detect failed
Traceback (most recent call last):
  File "/mnt/c/Users/brndn/Desktop/boardvision_repo/app.py", line 328, in infer
    out = self.detect_fn(model=self.model, frame=norm_frame, **call_kwargs)
          ^^^^^^^^^^^^^^^^^^^^^^^^^^^^^^^^^^^^^^^^^^^^^^^^^^^^^^^^^^^^^^^^^
  File "/mnt/c/Users/brndn/Desktop/boardvision_repo/fasterrcnn/frame_inference.py", line 33, in run_fasterrcnn_on_frame
    outputs = model(image)
              ^^^^^^^^^^^^
TypeError: 'tuple' object is not callable
[INFO] 05:22:02 boardvision: Faster R-CNN: #00367  (no detections)
[ERROR] 05:22:02 boardvision: Faster R-CNN detect failed
Traceback (most recent call last):
  File "/mnt/c/Users/brndn/Desktop/boardvision_repo/app.py", line 328, in infer
    out = self.detect_fn(model=self.model, frame=norm_frame, **call_kwargs)
          ^^^^^^^^^^^^^^^^^^^^^^^^^^^^^^^^^^^^^^^^^^^^^^^^^^^^^^^^^^^^^^^^^
  File "/mnt/c/Users/brndn/Desktop/boardvision_repo/fasterrcnn/frame_inference.py", line 33, in run_fasterrcnn_on_frame
    outputs = model(image)
              ^^^^^^^^^^^^
TypeError: 'tuple' object is not callable
[INFO] 05:22:02 boardvision: Faster R-CNN: #00368  (no detections)
[INFO] 05:22:05 boardvision: Loaded YOLOv7 model with args: {'weights': '/mnt/c/Users/brndn/Desktop/boardvision_repo/weights/yolov7.pt', 'device': 'cuda'}
[ERROR] 05:22:06 boardvision: YOLOv7 detect failed
Traceback (most recent call last):
  File "/mnt/c/Users/brndn/Desktop/boardvision_repo/app.py", line 328, in infer
    out = self.detect_fn(model=self.model, frame=norm_frame, **call_kwargs)
          ^^^^^^^^^^^^^^^^^^^^^^^^^^^^^^^^^^^^^^^^^^^^^^^^^^^^^^^^^^^^^^^^^
  File "/mnt/c/Users/brndn/Desktop/boardvision_repo/yolov7/frame_inference.py", line 37, in detect_frame
    pred = model(img_tensor)[0]
           ^^^^^^^^^^^^^^^^^
  File "/home/brandon/miniconda3/lib/python3.11/site-packages/torch/nn/modules/module.py", line 1518, in _wrapped_call_impl
    return self._call_impl(*args, **kwargs)
           ^^^^^^^^^^^^^^^^^^^^^^^^^^^^^^^^
  File "/home/brandon/miniconda3/lib/python3.11/site-packages/torch/nn/modules/module.py", line 1527, in _call_impl
    return forward_call(*args, **kwargs)
           ^^^^^^^^^^^^^^^^^^^^^^^^^^^^^
  File "/mnt/c/Users/brndn/Desktop/boardvision_repo/yolov7/utils/torch_utils.py", line 372, in forward
    out = self.model(x)
          ^^^^^^^^^^^^^
  File "/home/brandon/miniconda3/lib/python3.11/site-packages/torch/nn/modules/module.py", line 1518, in _wrapped_call_impl
    return self._call_impl(*args, **kwargs)
           ^^^^^^^^^^^^^^^^^^^^^^^^^^^^^^^^
  File "/home/brandon/miniconda3/lib/python3.11/site-packages/torch/nn/modules/module.py", line 1527, in _call_impl
    return forward_call(*args, **kwargs)
           ^^^^^^^^^^^^^^^^^^^^^^^^^^^^^
RuntimeError: The following operation failed in the TorchScript interpreter.
Traceback of TorchScript (most recent call last):
/home/brandon/miniconda3/lib/python3.11/site-packages/torch/nn/modules/conv.py(456): _conv_forward
/home/brandon/miniconda3/lib/python3.11/site-packages/torch/nn/modules/conv.py(460): forward
/home/brandon/miniconda3/lib/python3.11/site-packages/torch/nn/modules/module.py(1508): _slow_forward
/home/brandon/miniconda3/lib/python3.11/site-packages/torch/nn/modules/module.py(1527): _call_impl
/home/brandon/miniconda3/lib/python3.11/site-packages/torch/nn/modules/module.py(1518): _wrapped_call_impl
/mnt/c/Users/brndn/Desktop/boardvision_repo/yolov7/models/common.py(108): forward
/home/brandon/miniconda3/lib/python3.11/site-packages/torch/nn/modules/module.py(1508): _slow_forward
/home/brandon/miniconda3/lib/python3.11/site-packages/torch/nn/modules/module.py(1527): _call_impl
/home/brandon/miniconda3/lib/python3.11/site-packages/torch/nn/modules/module.py(1518): _wrapped_call_impl
/mnt/c/Users/brndn/Desktop/boardvision_repo/yolov7/models/yolo.py(625): forward_once
/mnt/c/Users/brndn/Desktop/boardvision_repo/yolov7/models/yolo.py(599): forward
/home/brandon/miniconda3/lib/python3.11/site-packages/torch/nn/modules/module.py(1508): _slow_forward
/home/brandon/miniconda3/lib/python3.11/site-packages/torch/nn/modules/module.py(1527): _call_impl
/home/brandon/miniconda3/lib/python3.11/site-packages/torch/nn/modules/module.py(1518): _wrapped_call_impl
/home/brandon/miniconda3/lib/python3.11/site-packages/torch/jit/_trace.py(1065): trace_module
/home/brandon/miniconda3/lib/python3.11/site-packages/torch/jit/_trace.py(798): trace
/mnt/c/Users/brndn/Desktop/boardvision_repo/yolov7/utils/torch_utils.py(362): __init__
/mnt/c/Users/brndn/Desktop/boardvision_repo/yolov7/frame_inference.py(17): load_yolov7_model
/mnt/c/Users/brndn/Desktop/boardvision_repo/app.py(277): ensure_loaded
/mnt/c/Users/brndn/Desktop/boardvision_repo/app.py(303): infer
/mnt/c/Users/brndn/Desktop/boardvision_repo/app.py(563): run
/home/brandon/miniconda3/lib/python3.11/threading.py(1038): _bootstrap_inner
/home/brandon/miniconda3/lib/python3.11/threading.py(995): _bootstrap
RuntimeError: Input type (torch.FloatTensor) and weight type (torch.cuda.FloatTensor) should be the same or input should be a MKLDNN tensor and weight is a dense tensor

[INFO] 05:22:06 boardvision: YOLOv7: #00001  (no detections)
[INFO] 05:22:06 boardvision: Loaded voter F1 config
[ERROR] 05:22:06 boardvision: YOLOv7 detect failed
Traceback (most recent call last):
  File "/mnt/c/Users/brndn/Desktop/boardvision_repo/app.py", line 328, in infer
    out = self.detect_fn(model=self.model, frame=norm_frame, **call_kwargs)
          ^^^^^^^^^^^^^^^^^^^^^^^^^^^^^^^^^^^^^^^^^^^^^^^^^^^^^^^^^^^^^^^^^
  File "/mnt/c/Users/brndn/Desktop/boardvision_repo/yolov7/frame_inference.py", line 37, in detect_frame
    pred = model(img_tensor)[0]
           ^^^^^^^^^^^^^^^^^
  File "/home/brandon/miniconda3/lib/python3.11/site-packages/torch/nn/modules/module.py", line 1518, in _wrapped_call_impl
    return self._call_impl(*args, **kwargs)
           ^^^^^^^^^^^^^^^^^^^^^^^^^^^^^^^^
  File "/home/brandon/miniconda3/lib/python3.11/site-packages/torch/nn/modules/module.py", line 1527, in _call_impl
    return forward_call(*args, **kwargs)
           ^^^^^^^^^^^^^^^^^^^^^^^^^^^^^
  File "/mnt/c/Users/brndn/Desktop/boardvision_repo/yolov7/utils/torch_utils.py", line 372, in forward
    out = self.model(x)
          ^^^^^^^^^^^^^
  File "/home/brandon/miniconda3/lib/python3.11/site-packages/torch/nn/modules/module.py", line 1518, in _wrapped_call_impl
    return self._call_impl(*args, **kwargs)
           ^^^^^^^^^^^^^^^^^^^^^^^^^^^^^^^^
  File "/home/brandon/miniconda3/lib/python3.11/site-packages/torch/nn/modules/module.py", line 1527, in _call_impl
    return forward_call(*args, **kwargs)
           ^^^^^^^^^^^^^^^^^^^^^^^^^^^^^
RuntimeError: The following operation failed in the TorchScript interpreter.
Traceback of TorchScript (most recent call last):
/home/brandon/miniconda3/lib/python3.11/site-packages/torch/nn/modules/conv.py(456): _conv_forward
/home/brandon/miniconda3/lib/python3.11/site-packages/torch/nn/modules/conv.py(460): forward
/home/brandon/miniconda3/lib/python3.11/site-packages/torch/nn/modules/module.py(1508): _slow_forward
/home/brandon/miniconda3/lib/python3.11/site-packages/torch/nn/modules/module.py(1527): _call_impl
/home/brandon/miniconda3/lib/python3.11/site-packages/torch/nn/modules/module.py(1518): _wrapped_call_impl
/mnt/c/Users/brndn/Desktop/boardvision_repo/yolov7/models/common.py(108): forward
/home/brandon/miniconda3/lib/python3.11/site-packages/torch/nn/modules/module.py(1508): _slow_forward
/home/brandon/miniconda3/lib/python3.11/site-packages/torch/nn/modules/module.py(1527): _call_impl
/home/brandon/miniconda3/lib/python3.11/site-packages/torch/nn/modules/module.py(1518): _wrapped_call_impl
/mnt/c/Users/brndn/Desktop/boardvision_repo/yolov7/models/yolo.py(625): forward_once
/mnt/c/Users/brndn/Desktop/boardvision_repo/yolov7/models/yolo.py(599): forward
/home/brandon/miniconda3/lib/python3.11/site-packages/torch/nn/modules/module.py(1508): _slow_forward
/home/brandon/miniconda3/lib/python3.11/site-packages/torch/nn/modules/module.py(1527): _call_impl
/home/brandon/miniconda3/lib/python3.11/site-packages/torch/nn/modules/module.py(1518): _wrapped_call_impl
/home/brandon/miniconda3/lib/python3.11/site-packages/torch/jit/_trace.py(1065): trace_module
/home/brandon/miniconda3/lib/python3.11/site-packages/torch/jit/_trace.py(798): trace
/mnt/c/Users/brndn/Desktop/boardvision_repo/yolov7/utils/torch_utils.py(362): __init__
/mnt/c/Users/brndn/Desktop/boardvision_repo/yolov7/frame_inference.py(17): load_yolov7_model
/mnt/c/Users/brndn/Desktop/boardvision_repo/app.py(277): ensure_loaded
/mnt/c/Users/brndn/Desktop/boardvision_repo/app.py(303): infer
/mnt/c/Users/brndn/Desktop/boardvision_repo/app.py(563): run
/home/brandon/miniconda3/lib/python3.11/threading.py(1038): _bootstrap_inner
/home/brandon/miniconda3/lib/python3.11/threading.py(995): _bootstrap
RuntimeError: Input type (torch.FloatTensor) and weight type (torch.cuda.FloatTensor) should be the same or input should be a MKLDNN tensor and weight is a dense tensor

[INFO] 05:22:06 boardvision: VOTER: #00001  (voter: no fused detections)
[INFO] 05:22:06 boardvision: YOLOv7: #00365  (no detections)
[INFO] 05:22:06 boardvision: Loaded voter F1 config
[ERROR] 05:22:06 boardvision: YOLOv7 detect failed
Traceback (most recent call last):
  File "/mnt/c/Users/brndn/Desktop/boardvision_repo/app.py", line 328, in infer
    out = self.detect_fn(model=self.model, frame=norm_frame, **call_kwargs)
          ^^^^^^^^^^^^^^^^^^^^^^^^^^^^^^^^^^^^^^^^^^^^^^^^^^^^^^^^^^^^^^^^^
  File "/mnt/c/Users/brndn/Desktop/boardvision_repo/yolov7/frame_inference.py", line 37, in detect_frame
    pred = model(img_tensor)[0]
           ^^^^^^^^^^^^^^^^^
  File "/home/brandon/miniconda3/lib/python3.11/site-packages/torch/nn/modules/module.py", line 1518, in _wrapped_call_impl
    return self._call_impl(*args, **kwargs)
           ^^^^^^^^^^^^^^^^^^^^^^^^^^^^^^^^
  File "/home/brandon/miniconda3/lib/python3.11/site-packages/torch/nn/modules/module.py", line 1527, in _call_impl
    return forward_call(*args, **kwargs)
           ^^^^^^^^^^^^^^^^^^^^^^^^^^^^^
  File "/mnt/c/Users/brndn/Desktop/boardvision_repo/yolov7/utils/torch_utils.py", line 372, in forward
    out = self.model(x)
          ^^^^^^^^^^^^^
  File "/home/brandon/miniconda3/lib/python3.11/site-packages/torch/nn/modules/module.py", line 1518, in _wrapped_call_impl
    return self._call_impl(*args, **kwargs)
           ^^^^^^^^^^^^^^^^^^^^^^^^^^^^^^^^
  File "/home/brandon/miniconda3/lib/python3.11/site-packages/torch/nn/modules/module.py", line 1527, in _call_impl
    return forward_call(*args, **kwargs)
           ^^^^^^^^^^^^^^^^^^^^^^^^^^^^^
RuntimeError: The following operation failed in the TorchScript interpreter.
Traceback of TorchScript (most recent call last):
/home/brandon/miniconda3/lib/python3.11/site-packages/torch/nn/modules/conv.py(456): _conv_forward
/home/brandon/miniconda3/lib/python3.11/site-packages/torch/nn/modules/conv.py(460): forward
/home/brandon/miniconda3/lib/python3.11/site-packages/torch/nn/modules/module.py(1508): _slow_forward
/home/brandon/miniconda3/lib/python3.11/site-packages/torch/nn/modules/module.py(1527): _call_impl
/home/brandon/miniconda3/lib/python3.11/site-packages/torch/nn/modules/module.py(1518): _wrapped_call_impl
/mnt/c/Users/brndn/Desktop/boardvision_repo/yolov7/models/common.py(108): forward
/home/brandon/miniconda3/lib/python3.11/site-packages/torch/nn/modules/module.py(1508): _slow_forward
/home/brandon/miniconda3/lib/python3.11/site-packages/torch/nn/modules/module.py(1527): _call_impl
/home/brandon/miniconda3/lib/python3.11/site-packages/torch/nn/modules/module.py(1518): _wrapped_call_impl
/mnt/c/Users/brndn/Desktop/boardvision_repo/yolov7/models/yolo.py(625): forward_once
/mnt/c/Users/brndn/Desktop/boardvision_repo/yolov7/models/yolo.py(599): forward
/home/brandon/miniconda3/lib/python3.11/site-packages/torch/nn/modules/module.py(1508): _slow_forward
/home/brandon/miniconda3/lib/python3.11/site-packages/torch/nn/modules/module.py(1527): _call_impl
/home/brandon/miniconda3/lib/python3.11/site-packages/torch/nn/modules/module.py(1518): _wrapped_call_impl
/home/brandon/miniconda3/lib/python3.11/site-packages/torch/jit/_trace.py(1065): trace_module
/home/brandon/miniconda3/lib/python3.11/site-packages/torch/jit/_trace.py(798): trace
/mnt/c/Users/brndn/Desktop/boardvision_repo/yolov7/utils/torch_utils.py(362): __init__
/mnt/c/Users/brndn/Desktop/boardvision_repo/yolov7/frame_inference.py(17): load_yolov7_model
/mnt/c/Users/brndn/Desktop/boardvision_repo/app.py(277): ensure_loaded
/mnt/c/Users/brndn/Desktop/boardvision_repo/app.py(303): infer
/mnt/c/Users/brndn/Desktop/boardvision_repo/app.py(563): run
/home/brandon/miniconda3/lib/python3.11/threading.py(1038): _bootstrap_inner
/home/brandon/miniconda3/lib/python3.11/threading.py(995): _bootstrap
RuntimeError: Input type (torch.FloatTensor) and weight type (torch.cuda.FloatTensor) should be the same or input should be a MKLDNN tensor and weight is a dense tensor

[INFO] 05:22:06 boardvision: VOTER: #00365  (voter: no fused detections)
[INFO] 05:22:06 boardvision: YOLOv7: #00366  (no detections)
[ERROR] 05:22:06 boardvision: YOLOv7 detect failed
Traceback (most recent call last):
  File "/mnt/c/Users/brndn/Desktop/boardvision_repo/app.py", line 328, in infer
    out = self.detect_fn(model=self.model, frame=norm_frame, **call_kwargs)
          ^^^^^^^^^^^^^^^^^^^^^^^^^^^^^^^^^^^^^^^^^^^^^^^^^^^^^^^^^^^^^^^^^
  File "/mnt/c/Users/brndn/Desktop/boardvision_repo/yolov7/frame_inference.py", line 37, in detect_frame
    pred = model(img_tensor)[0]
           ^^^^^^^^^^^^^^^^^
  File "/home/brandon/miniconda3/lib/python3.11/site-packages/torch/nn/modules/module.py", line 1518, in _wrapped_call_impl
    return self._call_impl(*args, **kwargs)
           ^^^^^^^^^^^^^^^^^^^^^^^^^^^^^^^^
  File "/home/brandon/miniconda3/lib/python3.11/site-packages/torch/nn/modules/module.py", line 1527, in _call_impl
    return forward_call(*args, **kwargs)
           ^^^^^^^^^^^^^^^^^^^^^^^^^^^^^
  File "/mnt/c/Users/brndn/Desktop/boardvision_repo/yolov7/utils/torch_utils.py", line 372, in forward
    out = self.model(x)
          ^^^^^^^^^^^^^
  File "/home/brandon/miniconda3/lib/python3.11/site-packages/torch/nn/modules/module.py", line 1518, in _wrapped_call_impl
    return self._call_impl(*args, **kwargs)
           ^^^^^^^^^^^^^^^^^^^^^^^^^^^^^^^^
  File "/home/brandon/miniconda3/lib/python3.11/site-packages/torch/nn/modules/module.py", line 1527, in _call_impl
    return forward_call(*args, **kwargs)
           ^^^^^^^^^^^^^^^^^^^^^^^^^^^^^
RuntimeError: The following operation failed in the TorchScript interpreter.
Traceback of TorchScript (most recent call last):
/home/brandon/miniconda3/lib/python3.11/site-packages/torch/nn/modules/conv.py(456): _conv_forward
/home/brandon/miniconda3/lib/python3.11/site-packages/torch/nn/modules/conv.py(460): forward
/home/brandon/miniconda3/lib/python3.11/site-packages/torch/nn/modules/module.py(1508): _slow_forward
/home/brandon/miniconda3/lib/python3.11/site-packages/torch/nn/modules/module.py(1527): _call_impl
/home/brandon/miniconda3/lib/python3.11/site-packages/torch/nn/modules/module.py(1518): _wrapped_call_impl
/mnt/c/Users/brndn/Desktop/boardvision_repo/yolov7/models/common.py(108): forward
/home/brandon/miniconda3/lib/python3.11/site-packages/torch/nn/modules/module.py(1508): _slow_forward
/home/brandon/miniconda3/lib/python3.11/site-packages/torch/nn/modules/module.py(1527): _call_impl
/home/brandon/miniconda3/lib/python3.11/site-packages/torch/nn/modules/module.py(1518): _wrapped_call_impl
/mnt/c/Users/brndn/Desktop/boardvision_repo/yolov7/models/yolo.py(625): forward_once
/mnt/c/Users/brndn/Desktop/boardvision_repo/yolov7/models/yolo.py(599): forward
/home/brandon/miniconda3/lib/python3.11/site-packages/torch/nn/modules/module.py(1508): _slow_forward
/home/brandon/miniconda3/lib/python3.11/site-packages/torch/nn/modules/module.py(1527): _call_impl
/home/brandon/miniconda3/lib/python3.11/site-packages/torch/nn/modules/module.py(1518): _wrapped_call_impl
/home/brandon/miniconda3/lib/python3.11/site-packages/torch/jit/_trace.py(1065): trace_module
/home/brandon/miniconda3/lib/python3.11/site-packages/torch/jit/_trace.py(798): trace
/mnt/c/Users/brndn/Desktop/boardvision_repo/yolov7/utils/torch_utils.py(362): __init__
/mnt/c/Users/brndn/Desktop/boardvision_repo/yolov7/frame_inference.py(17): load_yolov7_model
/mnt/c/Users/brndn/Desktop/boardvision_repo/app.py(277): ensure_loaded
/mnt/c/Users/brndn/Desktop/boardvision_repo/app.py(303): infer
/mnt/c/Users/brndn/Desktop/boardvision_repo/app.py(563): run
/home/brandon/miniconda3/lib/python3.11/threading.py(1038): _bootstrap_inner
/home/brandon/miniconda3/lib/python3.11/threading.py(995): _bootstrap
RuntimeError: Input type (torch.FloatTensor) and weight type (torch.cuda.FloatTensor) should be the same or input should be a MKLDNN tensor and weight is a dense tensor

[INFO] 05:22:06 boardvision: YOLOv7: #00367  (no detections)
[ERROR] 05:22:06 boardvision: YOLOv7 detect failed
Traceback (most recent call last):
  File "/mnt/c/Users/brndn/Desktop/boardvision_repo/app.py", line 328, in infer
    out = self.detect_fn(model=self.model, frame=norm_frame, **call_kwargs)
          ^^^^^^^^^^^^^^^^^^^^^^^^^^^^^^^^^^^^^^^^^^^^^^^^^^^^^^^^^^^^^^^^^
  File "/mnt/c/Users/brndn/Desktop/boardvision_repo/yolov7/frame_inference.py", line 37, in detect_frame
    pred = model(img_tensor)[0]
           ^^^^^^^^^^^^^^^^^
  File "/home/brandon/miniconda3/lib/python3.11/site-packages/torch/nn/modules/module.py", line 1518, in _wrapped_call_impl
    return self._call_impl(*args, **kwargs)
           ^^^^^^^^^^^^^^^^^^^^^^^^^^^^^^^^
  File "/home/brandon/miniconda3/lib/python3.11/site-packages/torch/nn/modules/module.py", line 1527, in _call_impl
    return forward_call(*args, **kwargs)
           ^^^^^^^^^^^^^^^^^^^^^^^^^^^^^
  File "/mnt/c/Users/brndn/Desktop/boardvision_repo/yolov7/utils/torch_utils.py", line 372, in forward
    out = self.model(x)
          ^^^^^^^^^^^^^
  File "/home/brandon/miniconda3/lib/python3.11/site-packages/torch/nn/modules/module.py", line 1518, in _wrapped_call_impl
    return self._call_impl(*args, **kwargs)
           ^^^^^^^^^^^^^^^^^^^^^^^^^^^^^^^^
  File "/home/brandon/miniconda3/lib/python3.11/site-packages/torch/nn/modules/module.py", line 1527, in _call_impl
    return forward_call(*args, **kwargs)
           ^^^^^^^^^^^^^^^^^^^^^^^^^^^^^
RuntimeError: The following operation failed in the TorchScript interpreter.
Traceback of TorchScript (most recent call last):
/home/brandon/miniconda3/lib/python3.11/site-packages/torch/nn/modules/conv.py(456): _conv_forward
/home/brandon/miniconda3/lib/python3.11/site-packages/torch/nn/modules/conv.py(460): forward
/home/brandon/miniconda3/lib/python3.11/site-packages/torch/nn/modules/module.py(1508): _slow_forward
/home/brandon/miniconda3/lib/python3.11/site-packages/torch/nn/modules/module.py(1527): _call_impl
/home/brandon/miniconda3/lib/python3.11/site-packages/torch/nn/modules/module.py(1518): _wrapped_call_impl
/mnt/c/Users/brndn/Desktop/boardvision_repo/yolov7/models/common.py(108): forward
/home/brandon/miniconda3/lib/python3.11/site-packages/torch/nn/modules/module.py(1508): _slow_forward
/home/brandon/miniconda3/lib/python3.11/site-packages/torch/nn/modules/module.py(1527): _call_impl
/home/brandon/miniconda3/lib/python3.11/site-packages/torch/nn/modules/module.py(1518): _wrapped_call_impl
/mnt/c/Users/brndn/Desktop/boardvision_repo/yolov7/models/yolo.py(625): forward_once
/mnt/c/Users/brndn/Desktop/boardvision_repo/yolov7/models/yolo.py(599): forward
/home/brandon/miniconda3/lib/python3.11/site-packages/torch/nn/modules/module.py(1508): _slow_forward
/home/brandon/miniconda3/lib/python3.11/site-packages/torch/nn/modules/module.py(1527): _call_impl
/home/brandon/miniconda3/lib/python3.11/site-packages/torch/nn/modules/module.py(1518): _wrapped_call_impl
/home/brandon/miniconda3/lib/python3.11/site-packages/torch/jit/_trace.py(1065): trace_module
/home/brandon/miniconda3/lib/python3.11/site-packages/torch/jit/_trace.py(798): trace
/mnt/c/Users/brndn/Desktop/boardvision_repo/yolov7/utils/torch_utils.py(362): __init__
/mnt/c/Users/brndn/Desktop/boardvision_repo/yolov7/frame_inference.py(17): load_yolov7_model
/mnt/c/Users/brndn/Desktop/boardvision_repo/app.py(277): ensure_loaded
/mnt/c/Users/brndn/Desktop/boardvision_repo/app.py(303): infer
/mnt/c/Users/brndn/Desktop/boardvision_repo/app.py(563): run
/home/brandon/miniconda3/lib/python3.11/threading.py(1038): _bootstrap_inner
/home/brandon/miniconda3/lib/python3.11/threading.py(995): _bootstrap
RuntimeError: Input type (torch.FloatTensor) and weight type (torch.cuda.FloatTensor) should be the same or input should be a MKLDNN tensor and weight is a dense tensor

[INFO] 05:22:06 boardvision: YOLOv7: #00368  (no detections)
[INFO] 05:22:06 boardvision: Loaded voter F1 config
[INFO] 05:22:06 boardvision: VOTER: #00368  (voter: no fused detections)
[INFO] 05:24:47 boardvision: Stopping stream…
[INFO] 05:24:47 boardvision: Voter worker stopped
[INFO] 05:24:47 boardvision: Capture stopped
[INFO] 05:24:47 boardvision: Faster R-CNN worker stopped
[INFO] 05:24:47 boardvision: YOLOv7 worker stopped
[INFO] 05:24:47 boardvision: Stopped.
